RollVelocity , FinalVel2
0 , -nan
0 , 0
0 , 0
0 , 0
0 , 0
0 , 0
0 , 0
0 , 0
0 , 0
0 , 0
0 , 0
0 , 0
0 , 0
0 , 0
0 , 0
0 , 0
0 , 0
0 , 0
0 , 0
0 , 0
0 , 0
0 , 0
0 , 0
-5.31861e-12 , 0.0317753
-5.31861e-12 , 0.0317496
-5.31861e-12 , 0.0318837
-5.31861e-12 , 0.0316322
-5.31861e-12 , 0.0318799
-2.6593e-12 , 0.0317465
-2.6593e-12 , 0.0318549
-2.6593e-12 , 0.0317465
-2.6593e-12 , 0.0316481
-2.6593e-12 , 0.0319087
-1.32965e-12 , 0.0316859
-1.32965e-12 , 0.0317822
-1.32965e-12 , 0.0317715
-1.32965e-12 , 0.0317662
-1.32965e-12 , 0.0317746
-6.64826e-13 , 0.031817
-6.64826e-13 , 0.0318859
-6.64826e-13 , 0.031636
-6.64826e-13 , 0.0318034
-6.64826e-13 , 0.0317981
0.0306919 , 0.0486784
0.0306919 , 0.0486549
0.0306919 , 0.0486228
0.0306919 , 0.0486356
0.0306919 , 0.0486947
0.0306993 , 0.0456
0.0306993 , 0.0456107
0.0306993 , 0.0456018
0.0306993 , 0.0456256
0.0306993 , 0.0456164
0.0447041 , 0.04999
0.0447041 , 0.0500238
0.0447041 , 0.0499789
0.0447041 , 0.0500021
0.0447041 , 0.0500032
0.0520948 , 0.0494365
0.0520948 , 0.049446
0.0520948 , 0.0494433
0.0520948 , 0.0494431
0.0520948 , 0.0494441
0.0422615 , 0.0390452
0.0422615 , 0.0390497
0.0422615 , 0.0390397
0.0422615 , 0.0390513
0.0422615 , 0.0390397
0.0526708 , 0.0407523
0.0526708 , 0.0407224
0.0526708 , 0.0407679
0.0526708 , 0.0407463
0.0526708 , 0.0407474
0.0412649 , 0.0291802
0.0412649 , 0.0291474
0.0412649 , 0.0291609
0.0412649 , 0.0292007
0.0412649 , 0.0291546
0.035889 , 0.0220937
0.035889 , 0.022113
0.035889 , 0.0221088
0.035889 , 0.0220759
0.035889 , 0.0221571
0.032993 , 0.0168535
0.032993 , 0.0169034
0.032993 , 0.0169548
0.032993 , 0.0168788
0.032993 , 0.016847
0.0164965 , 0.00456941
0.0164965 , 0.00456002
0.0164965 , 0.00455006
0.0164965 , 0.00454095
0.0164965 , 0.00458364
0.0235437 , 0.00681765
0.0235437 , 0.00680726
0.0235437 , 0.00675214
0.0235437 , 0.00665346
0.0235437 , 0.00688117
0.0117719 , -0.00201572
0.0117719 , -0.00199599
0.0117719 , -0.00199764
0.0117719 , -0.00202525
0.0117719 , -0.00204037
0.00588593 , -0.00641618
0.00588593 , -0.00641119
0.00588593 , -0.00641765
0.00588593 , -0.00641618
0.00588593 , -0.0064197
0.00294297 , -0.00862837
0.00294297 , -0.0086609
0.00294297 , -0.00858425
0.00294297 , -0.00861899
0.00294297 , -0.00864932
0.00147148 , -0.0097062
0.00147148 , -0.00972435
0.00147148 , -0.00971554
0.00147148 , -0.00973449
0.00147148 , -0.00973556
0.000735741 , -0.0102713
0.000735741 , -0.0102702
0.000735741 , -0.0102671
0.000735741 , -0.0103099
0.000735741 , -0.010245
0.000367871 , -0.0105499
0.000367871 , -0.0105413
0.000367871 , -0.0105574
0.000367871 , -0.0105587
0.000367871 , -0.0105444
0.000183935 , -0.0106841
0.000183935 , -0.0106833
0.000183935 , -0.0106929
0.000183935 , -0.0106841
0.000183935 , -0.0106895
9.19677e-05 , -0.0107531
9.19677e-05 , -0.0107606
9.19677e-05 , -0.0108028
9.19677e-05 , -0.010741
9.19677e-05 , -0.0107542
4.59838e-05 , -0.0107679
4.59838e-05 , -0.0108025
4.59838e-05 , -0.0107614
4.59838e-05 , -0.0108015
4.59838e-05 , -0.0108134
2.29919e-05 , -0.0108122
2.29919e-05 , -0.0108132
2.29919e-05 , -0.0107959
2.29919e-05 , -0.0108285
2.29919e-05 , -0.0107699
1.1496e-05 , -0.0108131
1.1496e-05 , -0.0108218
1.1496e-05 , -0.0108598
1.1496e-05 , -0.0108035
1.1496e-05 , -0.0108087
5.74798e-06 , -0.0108274
5.74798e-06 , -0.0108076
5.74798e-06 , -0.0108045
5.74798e-06 , -0.0108468
5.74798e-06 , -0.0108109
2.87399e-06 , -0.0108014
2.87399e-06 , -0.0108693
2.87399e-06 , -0.010772
2.87399e-06 , -0.0108218
2.87399e-06 , -0.0108737
1.43699e-06 , -0.0107775
1.43699e-06 , -0.0108521
1.43699e-06 , -0.0107979
1.43699e-06 , -0.0108154
1.43699e-06 , -0.0108281
7.18497e-07 , -0.0108322
7.18497e-07 , -0.0108167
7.18497e-07 , -0.0108193
7.18497e-07 , -0.0108936
7.18497e-07 , -0.0107662
3.59249e-07 , -0.0108485
3.59249e-07 , -0.0108227
3.59249e-07 , -0.0107987
3.59249e-07 , -0.0108268
3.59249e-07 , -0.010826
1.79624e-07 , -0.0108476
1.79624e-07 , -0.0108249
1.79624e-07 , -0.0108053
1.79624e-07 , -0.0108347
1.79624e-07 , -0.010812
8.98122e-08 , -0.0108324
8.98122e-08 , -0.0108087
8.98122e-08 , -0.0108293
8.98122e-08 , -0.0108283
8.98122e-08 , -0.0108216
4.49061e-08 , -0.0108423
4.49061e-08 , -0.0108229
4.49061e-08 , -0.0108141
4.49061e-08 , -0.0108456
4.49061e-08 , -0.0107979
2.2453e-08 , -0.0108836
2.2453e-08 , -0.0107969
2.2453e-08 , -0.0108358
2.2453e-08 , -0.0108033
2.2453e-08 , -0.0108033
1.12265e-08 , -0.0108833
1.12265e-08 , -0.0107806
1.12265e-08 , -0.0108588
1.12265e-08 , -0.0107793
1.12265e-08 , -0.0108294
5.61326e-09 , -0.0108359
5.61326e-09 , -0.0108359
5.61326e-09 , -0.0108121
5.61326e-09 , -0.0108098
5.61326e-09 , -0.0108521
2.80663e-09 , -0.0108067
2.80663e-09 , -0.0108402
2.80663e-09 , -0.0108217
2.80663e-09 , -0.0108057
2.80663e-09 , -0.0108908
1.40332e-09 , -0.0108077
1.40332e-09 , -0.0108131
1.40332e-09 , -0.0108284
1.40332e-09 , -0.0108196
1.40332e-09 , -0.0108488
7.01658e-10 , -0.0107742
7.01658e-10 , -0.0108284
7.01658e-10 , -0.0108206
7.01658e-10 , -0.0108328
7.01658e-10 , -0.0108488
3.50829e-10 , -0.0108108
3.50829e-10 , -0.0108304
3.50829e-10 , -0.0108088
3.50829e-10 , -0.0108253
3.50829e-10 , -0.0108444
1.75414e-10 , -0.0108088
1.75414e-10 , -0.0108131
1.75414e-10 , -0.0108273
1.75414e-10 , -0.0108325
1.75414e-10 , -0.0108142
8.77072e-11 , -0.0108271
8.77072e-11 , -0.0108371
8.77072e-11 , -0.0108217
8.77072e-11 , -0.0108304
8.77072e-11 , -0.0108057
4.38536e-11 , -0.0108291
4.38536e-11 , -0.0108359
4.38536e-11 , -0.0108175
4.38536e-11 , -0.0108273
4.38536e-11 , -0.0108183
2.19268e-11 , -0.0108534
2.19268e-11 , -0.0108088
2.19268e-11 , -0.0108237
2.19268e-11 , -0.0108209
2.19268e-11 , -0.0108186
1.09634e-11 , -0.010866
1.09634e-11 , -0.010785
1.09634e-11 , -0.0108444
1.09634e-11 , -0.0108023
1.09634e-11 , -0.0108555
5.4817e-12 , -0.0108033
5.4817e-12 , -0.010824
5.4817e-12 , -0.0108175
5.4817e-12 , -0.0108271
5.4817e-12 , -0.0108369
2.74085e-12 , -0.0108619
2.74085e-12 , -0.0108023
2.74085e-12 , -0.0108023
2.74085e-12 , -0.0108325
2.74085e-12 , -0.0108152
1.37042e-12 , -0.0108338
1.37042e-12 , -0.0108186
1.37042e-12 , -0.010826
1.37042e-12 , -0.0108369
1.37042e-12 , -0.0108436
6.85212e-13 , -0.0107946
6.85212e-13 , -0.0108273
6.85212e-13 , -0.0108454
6.85212e-13 , -0.0108002
6.85212e-13 , -0.0108315
3.42606e-13 , -0.0108186
3.42606e-13 , -0.010826
3.42606e-13 , -0.0108294
3.42606e-13 , -0.0109138
3.42606e-13 , -0.0107935
1.71303e-13 , -0.010785
1.71303e-13 , -0.0108477
1.71303e-13 , -0.0107904
1.71303e-13 , -0.0108219
1.71303e-13 , -0.0108186
8.56516e-14 , -0.0108498
8.56516e-14 , -0.0108057
8.56516e-14 , -0.0108562
8.56516e-14 , -0.010783
8.56516e-14 , -0.0108684
4.28258e-14 , -0.0108131
4.28258e-14 , -0.0108064
4.28258e-14 , -0.0108544
4.28258e-14 , -0.0108119
4.28258e-14 , -0.0108013
2.14129e-14 , -0.0108575
2.14129e-14 , -0.0108023
2.14129e-14 , -0.0108552
2.14129e-14 , -0.0108023
2.14129e-14 , -0.0108328
1.07064e-14 , -0.0108173
1.07064e-14 , -0.0108294
1.07064e-14 , -0.0108413
1.07064e-14 , -0.0107969
1.07064e-14 , -0.0108304
5.35322e-15 , -0.0108165
5.35322e-15 , -0.0108206
5.35322e-15 , -0.0108477
5.35322e-15 , -0.010799
5.35322e-15 , -0.010823
2.67661e-15 , -0.0108294
2.67661e-15 , -0.0108175
2.67661e-15 , -0.0108237
2.67661e-15 , -0.0108121
2.67661e-15 , -0.01085
1.33831e-15 , -0.0108206
1.33831e-15 , -0.0108271
1.33831e-15 , -0.0108131
1.33831e-15 , -0.0108338
1.33831e-15 , -0.0108315
6.69153e-16 , -0.0108162
6.69153e-16 , -0.010825
6.69153e-16 , -0.0108371
6.69153e-16 , -0.0108186
6.69153e-16 , -0.0108227
3.34576e-16 , -0.0108328
3.34576e-16 , -0.0108119
3.34576e-16 , -0.010825
3.34576e-16 , -0.0108359
3.34576e-16 , -0.0108165
1.67288e-16 , -0.010825
1.67288e-16 , -0.0108304
1.67288e-16 , -0.0108477
1.67288e-16 , -0.0108023
1.67288e-16 , -0.010826
8.36441e-17 , -0.0108609
8.36441e-17 , -0.0108162
8.36441e-17 , -0.0108315
8.36441e-17 , -0.0107861
8.36441e-17 , -0.0108304
4.18221e-17 , -0.0108328
4.18221e-17 , -0.0108477
4.18221e-17 , -0.0108152
4.18221e-17 , -0.0107969
4.18221e-17 , -0.0108596
2.0911e-17 , -0.010809
2.0911e-17 , -0.0108423
2.0911e-17 , -0.0108033
2.0911e-17 , -0.0108152
2.0911e-17 , -0.0108402
1.04555e-17 , -0.010866
1.04555e-17 , -0.0108088
1.04555e-17 , -0.0108165
1.04555e-17 , -0.0108162
1.04555e-17 , -0.0108101
5.22776e-18 , -0.0108477
5.22776e-18 , -0.0108013
5.22776e-18 , -0.0108152
5.22776e-18 , -0.0108392
5.22776e-18 , -0.0108498
2.61388e-18 , -0.0108284
2.61388e-18 , -0.0108131
2.61388e-18 , -0.0108217
2.61388e-18 , -0.0108284
2.61388e-18 , -0.0108769
1.30694e-18 , -0.0108067
1.30694e-18 , -0.010785
1.30694e-18 , -0.0108281
1.30694e-18 , -0.0108111
1.30694e-18 , -0.0108617
6.5347e-19 , -0.0108155
6.5347e-19 , -0.0107925
6.5347e-19 , -0.0108315
6.5347e-19 , -0.0108315
6.5347e-19 , -0.0108101
3.26735e-19 , -0.0108227
3.26735e-19 , -0.0108423
3.26735e-19 , -0.0108209
3.26735e-19 , -0.0108325
3.26735e-19 , -0.0108057
1.63367e-19 , -0.0108413
1.63367e-19 , -0.0108152
1.63367e-19 , -0.0108294
1.63367e-19 , -0.0108162
1.63367e-19 , -0.0108219
8.16837e-20 , -0.0108617
8.16837e-20 , -0.0107959
8.16837e-20 , -0.0108629
8.16837e-20 , -0.0107817
8.16837e-20 , -0.010823
4.08418e-20 , -0.0108444
4.08418e-20 , -0.0108273
4.08418e-20 , -0.0108033
4.08418e-20 , -0.0108294
4.08418e-20 , -0.0108423
2.04209e-20 , -0.0108067
2.04209e-20 , -0.010826
2.04209e-20 , -0.010824
2.04209e-20 , -0.010839
2.04209e-20 , -0.0108101
1.02105e-20 , -0.0108315
1.02105e-20 , -0.0108108
1.02105e-20 , -0.0108392
1.02105e-20 , -0.0108217
1.02105e-20 , -0.0108219
5.10523e-21 , -0.010825
5.10523e-21 , -0.0108175
5.10523e-21 , -0.0108464
5.10523e-21 , -0.0108121
5.10523e-21 , -0.0108284
2.55262e-21 , -0.0108196
2.55262e-21 , -0.0108217
2.55262e-21 , -0.0108328
2.55262e-21 , -0.0108227
2.55262e-21 , -0.0108263
1.27631e-21 , -0.0108196
1.27631e-21 , -0.0108291
1.27631e-21 , -0.0108253
1.27631e-21 , -0.0108281
1.27631e-21 , -0.0108521
6.38154e-22 , -0.0108348
6.38154e-22 , -0.0108325
6.38154e-22 , -0.0108077
6.38154e-22 , -0.0107969
6.38154e-22 , -0.0108206
3.19077e-22 , -0.010823
3.19077e-22 , -0.0108338
3.19077e-22 , -0.0108227
3.19077e-22 , -0.010823
3.19077e-22 , -0.0108196
1.59538e-22 , -0.010823
1.59538e-22 , -0.0108281
1.59538e-22 , -0.0108284
1.59538e-22 , -0.0108175
1.59538e-22 , -0.0108315
7.97692e-23 , -0.0108433
7.97692e-23 , -0.0108077
7.97692e-23 , -0.0108304
7.97692e-23 , -0.0108142
7.97692e-23 , -0.0108304
3.98846e-23 , -0.010849
3.98846e-23 , -0.0108075
3.98846e-23 , -0.0108121
3.98846e-23 , -0.0108433
3.98846e-23 , -0.0108253
1.99423e-23 , -0.0108108
1.99423e-23 , -0.010824
1.99423e-23 , -0.0108186
1.99423e-23 , -0.0108369
1.99423e-23 , -0.0108284
9.97115e-24 , -0.0108315
9.97115e-24 , -0.0108044
9.97115e-24 , -0.010825
9.97115e-24 , -0.0108446
9.97115e-24 , -0.0108217
4.98558e-24 , -0.0108433
4.98558e-24 , -0.0108165
4.98558e-24 , -0.0108033
4.98558e-24 , -0.010824
4.98558e-24 , -0.0108271
2.49279e-24 , -0.010823
2.49279e-24 , -0.0108338
2.49279e-24 , -0.0108227
2.49279e-24 , -0.010824
2.49279e-24 , -0.0108219
1.24639e-24 , -0.0108325
1.24639e-24 , -0.0108359
1.24639e-24 , -0.0108392
1.24639e-24 , -0.010799
1.24639e-24 , -0.0108131
6.23197e-25 , -0.0108294
6.23197e-25 , -0.0108271
6.23197e-25 , -0.0108294
6.23197e-25 , -0.0108175
6.23197e-25 , -0.0108227
3.11599e-25 , -0.0108284
3.11599e-25 , -0.0108359
3.11599e-25 , -0.0108121
3.11599e-25 , -0.010825
3.11599e-25 , -0.0108271
1.55799e-25 , -0.0108379
1.55799e-25 , -0.010809
1.55799e-25 , -0.010825
1.55799e-25 , -0.010839
1.55799e-25 , -0.0108098
7.78996e-26 , -0.0108304
7.78996e-26 , -0.0108219
7.78996e-26 , -0.010825
7.78996e-26 , -0.010823
7.78996e-26 , -0.0108281
3.89498e-26 , -0.010823
3.89498e-26 , -0.010824
3.89498e-26 , -0.010839
3.89498e-26 , -0.010825
3.89498e-26 , -0.0108142
1.94749e-26 , -0.010823
1.94749e-26 , -0.0108304
1.94749e-26 , -0.0108629
1.94749e-26 , -0.0107871
1.94749e-26 , -0.0108206
9.73746e-27 , -0.0108359
9.73746e-27 , -0.0108165
9.73746e-27 , -0.0108325
9.73746e-27 , -0.0108175
9.73746e-27 , -0.010824
4.86873e-27 , -0.0108348
4.86873e-27 , -0.0108573
4.86873e-27 , -0.0108304
4.86873e-27 , -0.0107721
4.86873e-27 , -0.0108088
2.43436e-27 , -0.0108521
2.43436e-27 , -0.0108413
2.43436e-27 , -0.010826
2.43436e-27 , -0.0108088
2.43436e-27 , -0.010825
1.21718e-27 , -0.010848
1.21718e-27 , -0.0108044
1.21718e-27 , -0.010824
1.21718e-27 , -0.0108206
1.21718e-27 , -0.0108325
6.08591e-28 , -0.010825
6.08591e-28 , -0.0108131
6.08591e-28 , -0.0108359
6.08591e-28 , -0.0108263
6.08591e-28 , -0.0108315
3.04295e-28 , -0.0108033
3.04295e-28 , -0.0108402
3.04295e-28 , -0.0108454
3.04295e-28 , -0.0108013
3.04295e-28 , -0.0108219
1.52148e-28 , -0.0108237
1.52148e-28 , -0.0108199
1.52148e-28 , -0.010839
1.52148e-28 , -0.0108098
1.52148e-28 , -0.010824
7.60739e-29 , -0.0108209
7.60739e-29 , -0.0108975
7.60739e-29 , -0.0107739
7.60739e-29 , -0.0108175
7.60739e-29 , -0.0108175
3.80369e-29 , -0.0108379
3.80369e-29 , -0.0108477
3.80369e-29 , -0.0107992
3.80369e-29 , -0.0108196
3.80369e-29 , -0.0108423
1.90185e-29 , -0.0108413
1.90185e-29 , -0.010799
1.90185e-29 , -0.0108186
1.90185e-29 , -0.010826
1.90185e-29 , -0.0108165
9.50923e-30 , -0.0108281
9.50923e-30 , -0.0108978
9.50923e-30 , -0.0107925
9.50923e-30 , -0.0108467
9.50923e-30 , -0.0108196
4.75462e-30 , -0.0108108
4.75462e-30 , -0.010824
4.75462e-30 , -0.0107861
4.75462e-30 , -0.0108206
4.75462e-30 , -0.0108555
2.37731e-30 , -0.0108044
2.37731e-30 , -0.010823
2.37731e-30 , -0.0108196
2.37731e-30 , -0.01089
2.37731e-30 , -0.0107902
1.18865e-30 , -0.0108002
1.18865e-30 , -0.010825
1.18865e-30 , -0.0108196
1.18865e-30 , -0.0108369
1.18865e-30 , -0.0108359
5.94327e-31 , -0.0108057
5.94327e-31 , -0.0108206
5.94327e-31 , -0.0108359
5.94327e-31 , -0.0108348
5.94327e-31 , -0.0108131
2.97164e-31 , -0.0108294
2.97164e-31 , -0.0108694
2.97164e-31 , -0.0108119
2.97164e-31 , -0.0107894
2.97164e-31 , -0.0108488
1.48582e-31 , -0.0108273
1.48582e-31 , -0.0108467
1.48582e-31 , -0.010801
1.48582e-31 , -0.0108273
1.48582e-31 , -0.0108596
7.42909e-32 , -0.0107881
7.42909e-32 , -0.0107982
7.42909e-32 , -0.0108877
7.42909e-32 , -0.0107796
7.42909e-32 , -0.0108023
3.71454e-32 , -0.0108325
3.71454e-32 , -0.010825
3.71454e-32 , -0.0108284
3.71454e-32 , -0.0108152
3.71454e-32 , -0.0108477
1.85727e-32 , -0.0108175
1.85727e-32 , -0.0108121
1.85727e-32 , -0.0108294
1.85727e-32 , -0.0108217
1.85727e-32 , -0.0108284
9.28636e-33 , -0.0108291
9.28636e-33 , -0.0108121
9.28636e-33 , -0.0108186
9.28636e-33 , -0.0108423
9.28636e-33 , -0.0108273
4.64318e-33 , -0.010826
4.64318e-33 , -0.010824
4.64318e-33 , -0.010826
4.64318e-33 , -0.0108196
4.64318e-33 , -0.0108315
2.32159e-33 , -0.0108131
2.32159e-33 , -0.0108325
2.32159e-33 , -0.0108328
2.32159e-33 , -0.0108359
2.32159e-33 , -0.0108325
1.1608e-33 , -0.0108294
1.1608e-33 , -0.0107935
1.1608e-33 , -0.0108263
1.1608e-33 , -0.010826
1.1608e-33 , -0.010825
5.80398e-34 , -0.0108271
5.80398e-34 , -0.0108196
5.80398e-34 , -0.0108317
5.80398e-34 , -0.0108206
5.80398e-34 , -0.010823
2.90199e-34 , -0.0108617
2.90199e-34 , -0.0107979
2.90199e-34 , -0.0108457
2.90199e-34 , -0.0107915
2.90199e-34 , -0.010823
1.45099e-34 , -0.0108575
1.45099e-34 , -0.0108359
1.45099e-34 , -0.0107762
1.45099e-34 , -0.0108379
1.45099e-34 , -0.010864
7.25497e-35 , -0.0107894
7.25497e-35 , -0.0108446
7.25497e-35 , -0.010826
7.25497e-35 , -0.0108044
7.25497e-35 , -0.0108206
3.62748e-35 , -0.0108348
3.62748e-35 , -0.0108423
3.62748e-35 , -0.0108219
3.62748e-35 , -0.0108227
3.62748e-35 , -0.0108521
1.81374e-35 , -0.0108013
1.81374e-35 , -0.0108033
1.81374e-35 , -0.0108304
1.81374e-35 , -0.0108111
1.81374e-35 , -0.0108281
9.06871e-36 , -0.0108531
9.06871e-36 , -0.0108199
9.06871e-36 , -0.0108183
9.06871e-36 , -0.0108284
9.06871e-36 , -0.0108098
4.53436e-36 , -0.0108219
4.53436e-36 , -0.0108335
4.53436e-36 , -0.0108101
4.53436e-36 , -0.0108369
4.53436e-36 , -0.0108131
2.26718e-36 , -0.0108402
2.26718e-36 , -0.0108196
2.26718e-36 , -0.0108291
2.26718e-36 , -0.0108155
2.26718e-36 , -0.010826
1.13359e-36 , -0.0108304
1.13359e-36 , -0.0108162
1.13359e-36 , -0.0108467
1.13359e-36 , -0.0108101
1.13359e-36 , -0.0108671
5.66794e-37 , -0.0108023
5.66794e-37 , -0.0108023
5.66794e-37 , -0.0108263
5.66794e-37 , -0.0108227
5.66794e-37 , -0.010864
2.83397e-37 , -0.0107904
2.83397e-37 , -0.010823
2.83397e-37 , -0.0108433
2.83397e-37 , -0.010826
2.83397e-37 , -0.0108111
1.41699e-37 , -0.0108294
1.41699e-37 , -0.0108098
1.41699e-37 , -0.0108325
1.41699e-37 , -0.0108382
1.41699e-37 , -0.0108131
7.08493e-38 , -0.0108433
7.08493e-38 , -0.0108023
7.08493e-38 , -0.0108619
7.08493e-38 , -0.0107837
7.08493e-38 , -0.0108392
3.54247e-38 , -0.0108488
3.54247e-38 , -0.0108121
3.54247e-38 , -0.010824
3.54247e-38 , -0.0108088
3.54247e-38 , -0.010824
1.77123e-38 , -0.0108291
1.77123e-38 , -0.0108175
1.77123e-38 , -0.0108273
1.77123e-38 , -0.0108335
1.77123e-38 , -0.0108165
8.85616e-39 , -0.0108206
8.85616e-39 , -0.0108521
8.85616e-39 , -0.0108033
8.85616e-39 , -0.010826
8.85616e-39 , -0.0108186
4.42808e-39 , -0.010825
4.42808e-39 , -0.0108413
4.42808e-39 , -0.0108088
4.42808e-39 , -0.0107948
4.42808e-39 , -0.0108942
2.21404e-39 , -0.0108348
2.21404e-39 , -0.0107948
2.21404e-39 , -0.0108119
2.21404e-39 , -0.0108284
2.21404e-39 , -0.0108142
1.10702e-39 , -0.0108619
1.10702e-39 , -0.0108088
1.10702e-39 , -0.0108508
1.10702e-39 , -0.0108013
1.10702e-39 , -0.0108402
5.5351e-40 , -0.010799
5.5351e-40 , -0.0108196
5.5351e-40 , -0.0108284
5.5351e-40 , -0.0108165
5.5351e-40 , -0.0108227
2.76755e-40 , -1.97296
2.76755e-40 , -1.96844
2.76755e-40 , -1.97119
2.76755e-40 , -1.97389
2.76755e-40 , -0.860813
-0.266686 , -1.01066
-0.266686 , -1.01006
-0.266686 , -1.00971
-0.266686 , -1.01198
-0.266686 , -0.626607
-0.940026 , -0.965433
-0.940026 , -0.965436
-0.940026 , -0.965513
-0.940026 , -0.832094
-0.940026 , -0.831448
-0.854902 , -0.69179
-0.854902 , -0.691131
-0.854902 , -0.692135
-0.854902 , -0.594699
-0.854902 , -0.594544
-0.884882 , -0.525651
-0.884882 , -0.525865
-0.884882 , -0.499039
-0.884882 , -0.499848
-0.884882 , -0.497061
-0.695453 , -0.309505
-0.695453 , -0.30838
-0.695453 , -0.285456
-0.695453 , -0.285339
-0.695453 , -0.285123
-0.58678 , -0.154245
-0.58678 , -0.0624943
-0.58678 , -0.0613317
-0.58678 , -0.0620693
-0.58678 , -0.0616443
-0.367427 , 0.0797575
-0.367427 , 0.0798852
-0.367427 , 0.0794063
-0.367427 , 0.0793105
-0.367427 , 0.0806515
-0.231861 , 0.146258
-0.231861 , 0.145771
-0.231861 , 0.145276
-0.231861 , 0.148268
-0.231861 , 0.204616
-0.0532807 , 0.326889
-0.0532807 , 0.326545
-0.0532807 , 0.326581
-0.0532807 , 0.327187
-0.0532807 , 0.290301
0.0778845 , 0.36625
0.0778845 , 0.365234
0.0778845 , 0.366477
0.0778845 , 0.431246
0.0778845 , 0.431204
0.209509 , 0.496157
0.209509 , 0.496504
0.209509 , 0.496504
0.209509 , 0.56575
0.209509 , 0.563132
0.333735 , 0.610961
0.333735 , 0.611205
0.333735 , 0.816002
0.333735 , 0.81638
0.333735 , 0.817341
0.434819 , 0.839893
0.434819 , 0.841103
0.434819 , 1.02668
0.434819 , 1.02804
0.434819 , 1.02769
0.62996 , 1.09204
0.62996 , 1.20858
0.62996 , 1.20892
0.62996 , 1.20971
0.62996 , 1.20955
0.822848 , 1.48147
0.822848 , 1.481
0.822848 , 1.48069
0.822848 , 1.48147
0.822848 , 1.48204
1.05667 , 1.47675
1.05667 , 1.47737
1.05667 , 1.47704
1.05667 , 1.47795
1.05667 , 1.71458
1.27952 , 1.73218
1.27952 , 1.73195
1.27952 , 1.7324
1.27952 , 1.77786
1.27952 , 1.77729
1.45444 , 1.7464
1.45444 , 1.7468
1.45444 , 1.7472
1.45444 , 1.7548
1.45444 , 1.7541
1.62144 , 1.69386
1.62144 , 1.6939
1.62144 , 1.69396
1.62144 , 1.4534
1.62144 , 1.45362
1.64822 , 1.31528
1.64822 , 1.31501
1.64822 , -1.30987
1.64822 , -1.31254
1.64822 , -1.31191
1.57452 , -1.52653
1.57452 , -0.368866
1.57452 , -0.373493
1.57452 , -0.372568
1.57452 , -0.372522
0.322843 , -1.21949
0.322843 , -0.755636
0.322843 , -0.756509
0.322843 , -0.755328
0.322843 , -0.756817
-0.0533615 , -0.811279
-0.0533615 , -0.817582
-0.0533615 , -0.806584
-0.0533615 , -0.811803
-0.0533615 , -0.812724
-0.489439 , -0.973248
-0.489439 , -0.973479
-0.489439 , -0.973583
-0.489439 , -0.975035
-0.489439 , -1.29489
-0.618198 , -1.31801
-0.618198 , -1.31628
-0.618198 , -1.31698
-0.618198 , -1.31656
-0.618198 , -0.822542
-0.957912 , -0.951695
-0.957912 , -0.951693
-0.957912 , -0.951698
-0.957912 , -1.02525
-0.957912 , -1.02518
-0.967561 , -0.93508
-0.967561 , -0.934939
-0.967561 , -0.964498
-0.967561 , -0.964484
-0.967561 , -0.964486
-0.98834 , -0.882037
-0.98834 , -0.882966
-0.98834 , -0.894629
-0.98834 , -0.894491
-0.98834 , -0.894367
-0.939432 , -0.76946
-0.939432 , -0.774406
-0.939432 , -0.77417
-0.939432 , -0.774387
-0.939432 , -0.774324
-0.90286 , -0.657972
-0.90286 , -0.661148
-0.90286 , -0.660588
-0.90286 , -0.660784
-0.90286 , -0.659958
-0.828971 , -0.533367
-0.828971 , -0.532922
-0.828971 , -0.533198
-0.828971 , -0.53319
-0.828971 , -0.532358
-0.698168 , -0.378237
-0.698168 , -0.377625
-0.698168 , -0.377748
-0.698168 , -0.377687
-0.698168 , -0.377366
-0.602034 , -0.257491
-0.602034 , -0.257179
-0.602034 , -0.257245
-0.602034 , -0.256973
-0.602034 , -0.257334
-0.423794 , -0.0994582
-0.423794 , -0.0996283
-0.423794 , -0.0994892
-0.423794 , -0.0994582
-0.423794 , -0.0997789
-0.365057 , -0.0251707
-0.365057 , -0.0252841
-0.365057 , -0.0242876
-0.365057 , -0.0258346
-0.365057 , -0.0253566
-0.182528 , 0.111053
-0.182528 , 0.111396
-0.182528 , 0.11202
-0.182528 , 0.110693
-0.182528 , 0.111309
-0.0912641 , 0.179626
-0.0912641 , 0.179904
-0.0912641 , 0.179115
-0.0912641 , 0.179761
-0.0912641 , 0.179302
0.0143243 , 0.246359
0.0143243 , 0.247283
0.0143243 , 0.24606
0.0143243 , 0.246381
0.0143243 , 0.246265
0.114915 , 0.300339
0.114915 , 0.300008
0.114915 , 0.300692
0.114915 , 0.300007
0.114915 , 0.300206
0.195029 , 0.332957
0.195029 , 0.332845
0.195029 , 0.332829
0.195029 , 0.332957
0.195029 , 0.333187
0.251699 , 0.344714
0.251699 , 0.344668
0.251699 , 0.344883
0.251699 , 0.344685
0.251699 , 0.345087
0.294777 , 0.343456
0.294777 , 0.343555
0.294777 , 0.34352
0.294777 , 0.343653
0.294777 , 0.343496
0.319812 , 0.328826
0.319812 , 0.328805
0.319812 , 0.328821
0.319812 , 0.328822
0.319812 , 0.328886
0.328705 , 0.302125
0.328705 , 0.301986
0.328705 , 0.302061
0.328705 , 0.301999
0.328705 , 0.302024
0.32909 , 0.268803
0.32909 , 0.268797
0.32909 , 0.268796
0.32909 , 0.268597
0.32909 , 0.269039
0.320124 , 0.231644
0.320124 , 0.231566
0.320124 , 0.231829
0.320124 , 0.231627
0.320124 , 0.23176
0.281264 , 0.178094
0.281264 , 0.178207
0.281264 , 0.178372
0.281264 , 0.178259
0.281264 , 0.1783
0.248728 , 0.132119
0.248728 , 0.132878
0.248728 , 0.132584
0.248728 , 0.132853
0.248728 , 0.132609
0.200283 , 0.0811193
0.200283 , 0.0810114
0.200283 , 0.0814061
0.200283 , 0.08125
0.200283 , 0.0806338
0.163427 , 0.0417062
0.163427 , 0.0413427
0.163427 , 0.0417557
0.163427 , 0.0413281
0.163427 , 0.0413427
0.112378 , -0.00334108
0.112378 , -0.00253081
0.112378 , -0.00290161
0.112378 , -0.00283295
0.112378 , -0.00260223
0.0715465 , -0.0364829
0.0715465 , -0.0365472
0.0715465 , -0.0365601
0.0715465 , -0.0360299
0.0715465 , -0.036524
0.0204503 , -0.0715047
0.0204503 , -0.0716342
0.0204503 , -0.0716232
0.0204503 , -0.0716517
0.0204503 , -0.0715706
0.0102251 , -0.0792626
0.0102251 , -0.0792989
0.0102251 , -0.0793351
0.0102251 , -0.0794866
0.0102251 , -0.0791816
-0.0249867 , -0.0994992
-0.0249867 , -0.0995134
-0.0249867 , -0.09935
-0.0249867 , -0.09935
-0.0249867 , -0.0995365
-0.0440614 , -0.107682
-0.0440614 , -0.107656
-0.0440614 , -0.10774
-0.0440614 , -0.107744
-0.0440614 , -0.10765
-0.0680271 , -0.116496
-0.0680271 , -0.116587
-0.0680271 , -0.116349
-0.0680271 , -0.116427
-0.0680271 , -0.116553
-0.0801454 , -0.1165
-0.0801454 , -0.11645
-0.0801454 , -0.116275
-0.0801454 , -0.116438
-0.0801454 , -0.116453
-0.101314 , -0.120122
-0.101314 , -0.120076
-0.101314 , -0.120032
-0.101314 , -0.120099
-0.101314 , -0.120118
-0.0977146 , -0.108276
-0.0977146 , -0.108245
-0.0977146 , -0.108265
-0.0977146 , -0.108241
-0.0977146 , -0.108278
-0.0940089 , -0.0963607
-0.0940089 , -0.0963526
-0.0940089 , -0.0963578
-0.0940089 , -0.0963609
-0.0940089 , -0.0963587
-0.108127 , -0.0947148
-0.108127 , -0.094755
-0.108127 , -0.0947524
-0.108127 , -0.0947763
-0.108127 , -0.0947511
-0.0849257 , -0.0712885
-0.0849257 , -0.0713161
-0.0849257 , -0.0712927
-0.0849257 , -0.0712804
-0.0849257 , -0.0712982
-0.0873467 , -0.0639646
-0.0873467 , -0.0640342
-0.0873467 , -0.0639579
-0.0873467 , -0.0640671
-0.0873467 , -0.0639133
-0.075148 , -0.0487589
-0.075148 , -0.0488325
-0.075148 , -0.0487847
-0.075148 , -0.0487614
-0.075148 , -0.0487004
-0.0529267 , -0.0292295
-0.0529267 , -0.029096
-0.0529267 , -0.0291267
-0.0529267 , -0.0291312
-0.0529267 , -0.0291125
-0.0408383 , -0.0170108
-0.0408383 , -0.0170341
-0.0408383 , -0.0170296
-0.0408383 , -0.0170421
-0.0408383 , -0.0169745
-0.0368465 , -0.0110396
-0.0368465 , -0.0109958
-0.0368465 , -0.010965
-0.0368465 , -0.0109749
-0.0368465 , -0.0110574
-0.0184232 , 0.00279088
-0.0184232 , 0.00277976
-0.0184232 , 0.00279543
-0.0184232 , 0.00276308
-0.0184232 , 0.00278027
-0.00921162 , 0.00967438
-0.00921162 , 0.00971399
-0.00921162 , 0.00964062
-0.00921162 , 0.00967663
-0.00921162 , 0.00967258
-0.00460581 , 0.0131122
-0.00460581 , 0.0131194
-0.00460581 , 0.0131304
-0.00460581 , 0.0130983
-0.00460581 , 0.0131194
-0.0023029 , 0.0148472
-0.0023029 , 0.0148419
-0.0023029 , 0.0148366
-0.0023029 , 0.0148301
-0.0023029 , 0.0148423
-0.00115145 , 0.0157016
-0.00115145 , 0.0157032
-0.00115145 , 0.0156964
-0.00115145 , 0.0156899
-0.00115145 , 0.0157132
-0.000575726 , 0.0161525
-0.000575726 , 0.0161139
-0.000575726 , 0.0161306
-0.000575726 , 0.0161454
-0.000575726 , 0.0161338
-0.000287863 , 0.0163392
-0.000287863 , 0.0163475
-0.000287863 , 0.0163376
-0.000287863 , 0.0163527
-0.000287863 , 0.0163575
0.014914 , 0.0246678
0.014914 , 0.0246901
0.014914 , 0.024691
0.014914 , 0.0246471
0.014914 , 0.0246803
0.007457 , 0.0190943
0.007457 , 0.0190962
0.007457 , 0.0191059
0.007457 , 0.0190929
0.007457 , 0.0190954
0.0194047 , 0.0249909
0.0194047 , 0.0249998
0.0194047 , 0.0249886
0.0194047 , 0.0249874
0.0194047 , 0.0249893
0.00970235 , 0.0177348
0.00970235 , 0.0177484
0.00970235 , 0.0177292
0.00970235 , 0.0177269
0.00970235 , 0.0177411
0.0197953 , 0.0222383
0.0197953 , 0.0222412
0.0197953 , 0.02224
0.0197953 , 0.022239
0.0197953 , 0.0222421
0.0256391 , 0.0235625
0.0256391 , 0.0235739
0.0256391 , 0.0235638
0.0256391 , 0.0235754
0.0256391 , 0.0235632
0.0281634 , 0.0224228
0.0281634 , 0.0224125
0.0281634 , 0.0224043
0.0281634 , 0.0224309
0.0281634 , 0.0223935
0.0140817 , 0.0118858
0.0140817 , 0.0118809
0.0140817 , 0.0118821
0.0140817 , 0.0118816
0.0140817 , 0.011871
0.0223843 , 0.0150294
0.0223843 , 0.0150911
0.0223843 , 0.0150441
0.0223843 , 0.0150404
0.0223843 , 0.0150572
0.0111922 , 0.00666967
0.0111922 , 0.0066842
0.0111922 , 0.00667688
0.0111922 , 0.0066729
0.0111922 , 0.00667419
0.0208619 , 0.0108559
0.0208619 , 0.0108628
0.0208619 , 0.0108969
0.0208619 , 0.01086
0.0208619 , 0.0108619
0.010431 , 0.00306654
0.010431 , 0.00305916
0.010431 , 0.00306724
0.010431 , 0.00306285
0.010431 , 0.00306425
0.00521549 , -0.000834605
0.00521549 , -0.000843118
0.00521549 , -0.000835182
0.00521549 , -0.00090603
0.00521549 , -0.000781937
0.00260774 , -0.00278668
0.00260774 , -0.00278823
0.00260774 , -0.0027818
0.00260774 , -0.00278823
0.00260774 , -0.00278771
0.0166354 , 0.00466881
0.0166354 , -2.45917
0.0166354 , -2.45519
0.0166354 , -2.45344
0.0166354 , -2.45496
-0.129685 , -2.54016
-0.129685 , -1.14078
-0.129685 , -1.14116
-0.129685 , -1.14219
-0.129685 , -1.13927
-1.32223 , -1.21422
-1.32223 , -1.21417
-1.32223 , -1.21358
-1.32223 , -1.21494
-1.32223 , -1.21394
-1.13706 , -0.800125
-1.13706 , -0.799107
-1.13706 , -0.799172
-1.13706 , -0.799519
-1.13706 , -0.79914
-1.18271 , -0.654543
-1.18271 , -0.655387
-1.18271 , -0.654493
-1.18271 , -0.655664
-1.18271 , -0.58636
-0.904797 , -0.315126
-0.904797 , -0.315998
-0.904797 , -0.314648
-0.904797 , -0.314535
-0.904797 , -0.315786
-0.746258 , -0.144208
-0.746258 , -0.141845
-0.746258 , -0.141196
-0.746258 , -0.0631652
-0.746258 , -0.0614728
-0.449975 , 0.173797
-0.449975 , 0.174184
-0.449975 , 0.173248
-0.449975 , 0.128674
-0.449975 , 0.129254
-0.269798 , 0.272935
-0.269798 , 0.274733
-0.269798 , 0.318076
-0.269798 , 0.319479
-0.269798 , 0.319479
-0.0274344 , 0.479213
-0.0274344 , 0.48235
-0.0274344 , 0.474705
-0.0274344 , 0.475521
-0.0274344 , 0.475365
0.175457 , 0.592117
0.175457 , 0.681527
0.175457 , 0.680974
0.175457 , 0.681263
0.175457 , 0.681479
0.357921 , 0.763764
0.357921 , 1.04566
0.357921 , 1.04299
0.357921 , 1.04414
0.357921 , 1.04681
0.555522 , 1.33104
0.555522 , 1.33265
0.555522 , 1.3332
0.555522 , 1.33685
0.555522 , 1.61916
0.858051 , 1.73253
0.858051 , 1.73261
0.858051 , 1.73113
0.858051 , 1.73416
0.858051 , 1.35465
1.21058 , 1.45979
1.21058 , 1.46043
1.21058 , 1.4609
1.21058 , 1.13071
1.21058 , 1.13041
1.39085 , 1.11304
1.39085 , 1.11348
1.39085 , 1.11298
1.39085 , 1.00561
1.39085 , 1.00499
1.30876 , 0.818883
1.30876 , 0.820062
1.30876 , 0.888998
1.30876 , 0.889288
1.30876 , 0.889709
1.1174 , 0.655073
1.1174 , 0.655304
1.1174 , 0.71451
1.1174 , 0.712898
1.1174 , 0.714432
0.972706 , 0.522736
0.972706 , 0.491996
0.972706 , 0.493394
0.972706 , 0.492821
0.972706 , 0.491629
0.793493 , 0.335454
0.793493 , 0.334161
0.793493 , 0.335136
0.793493 , 0.334073
0.793493 , 0.333667
0.611127 , 0.131039
0.611127 , 0.137441
0.611127 , 0.135243
0.611127 , 0.134149
0.611127 , 0.136189
0.431498 , -0.0220068
0.431498 , -0.0219635
0.431498 , -0.0222885
0.431498 , -0.0224076
0.431498 , -0.0546674
0.259833 , -0.193238
0.259833 , -0.189942
0.259833 , -0.192376
0.259833 , -0.190707
0.259833 , -0.243921
0.114195 , -0.348584
0.114195 , -0.348662
0.114195 , -0.349644
0.114195 , -0.406785
0.114195 , -0.409549
-0.0803062 , -0.526591
-0.0803062 , -0.527526
-0.0803062 , -0.60176
-0.0803062 , -0.602071
-0.0803062 , -0.60186
-0.255065 , -0.689101
-0.255065 , -0.690973
-0.255065 , -0.784439
-0.255065 , -0.783648
-0.255065 , -0.783811
-0.419778 , -0.849717
-0.419778 , -0.933835
-0.419778 , -0.93557
-0.419778 , -0.933883
-0.419778 , -0.934592
-0.62341 , -1.14629
-0.62341 , -1.14654
-0.62341 , -1.1453
-0.62341 , -1.14587
-0.62341 , -1.14534
-0.832958 , -1.21333
-0.832958 , -1.21493
-0.832958 , -1.21351
-0.832958 , -1.21386
-0.832958 , -1.406
-0.98505 , -1.40607
-0.98505 , -1.40545
-0.98505 , -1.40541
-0.98505 , -1.40644
-0.98505 , -1.3697
-1.15233 , -1.36317
-1.15233 , -1.36224
-1.15233 , -1.3633
-1.15233 , -1.36255
-1.15233 , -1.27478
-1.28751 , -1.23609
-1.28751 , -1.23608
-1.28751 , -1.23602
-1.28751 , -1.03344
-1.28751 , -1.03146
-1.26795 , -0.895892
-1.26795 , -0.89599
-1.26795 , -0.895438
-1.26795 , -0.748276
-1.26795 , -0.746772
-1.13744 , -0.548806
-1.13744 , -0.548623
-1.13744 , -0.505617
-1.13744 , -0.506008
-1.13744 , -0.506069
-0.910212 , -0.269031
-0.910212 , -0.269276
-0.910212 , -0.255959
-0.910212 , -0.257205
-0.910212 , -0.255382
-0.699288 , -0.0478155
-0.699288 , 0.0117047
-0.699288 , 0.00846003
-0.699288 , 0.00944021
-0.699288 , 0.0117216
-0.411199 , 0.201118
-0.411199 , 0.202243
-0.411199 , 0.200402
-0.411199 , 0.204493
-0.411199 , 0.199599
-0.190891 , 0.455045
-0.190891 , 0.451248
-0.190891 , 0.451814
-0.190891 , 0.454785
-0.190891 , 0.455206
0.0763365 , 0.625094
0.0763365 , 0.620787
0.0763365 , 0.623194
0.0763365 , 0.623572
0.0763365 , 0.589435
0.275338 , 0.690949
0.275338 , 0.691354
0.275338 , 0.690563
0.275338 , 0.656677
0.275338 , 0.656033
0.474189 , 0.737824
0.474189 , 0.738665
0.474189 , 0.737749
0.474189 , 0.525841
0.474189 , 0.525937
0.597148 , 0.544699
0.597148 , 0.544775
0.597148 , 2.73904
0.597148 , 2.69674
0.597148 , 2.72518
0.597424 , 2.66663
0.597424 , 2.66765
0.597424 , 1.54049
0.597424 , 1.54718
0.597424 , 1.54494
1.58744 , 2.02498
1.58744 , 1.57801
1.58744 , 1.57798
1.58744 , 1.57804
1.58744 , 1.57803
1.59511 , 1.4284
1.59511 , 1.25095
1.59511 , 1.24908
1.59511 , 1.24971
1.59511 , 1.24873
1.61482 , 1.03627
1.61482 , 1.03418
1.61482 , 1.03697
1.61482 , 1.03465
1.61482 , 1.03418
1.36038 , 0.706209
1.36038 , 0.707083
1.36038 , 0.703667
1.36038 , 0.708253
1.36038 , 0.694575
1.19229 , 0.462812
1.19229 , 0.461003
1.19229 , 0.463403
1.19229 , 0.459567
1.19229 , 0.455085
0.852564 , 0.154565
0.852564 , 0.150842
0.852564 , 0.152461
0.852564 , 0.150765
0.852564 , 0.151267
0.646135 , -0.046599
0.646135 , -0.0518674
0.646135 , -0.0447687
0.646135 , -0.0433634
0.646135 , -0.0507369
0.307744 , -0.296432
0.307744 , -0.29724
0.307744 , -0.300665
0.307744 , -0.295772
0.307744 , -0.296609
0.153872 , -0.415643
0.153872 , -0.411383
0.153872 , -0.41395
0.153872 , -0.410869
0.153872 , -0.414572
-0.117591 , -0.575466
-0.117591 , -0.578575
-0.117591 , -0.575425
-0.117591 , -0.575742
-0.117591 , -0.577525
-0.278978 , -0.653783
-0.278978 , -0.655448
-0.278978 , -0.653595
-0.278978 , -0.654804
-0.278978 , -0.654347
-0.446801 , -0.719413
-0.446801 , -0.719822
-0.446801 , -0.719653
-0.446801 , -0.719192
-0.446801 , -0.719007
-0.591476 , -0.75458
-0.591476 , -0.754626
-0.591476 , -0.754366
-0.591476 , -0.754305
-0.591476 , -0.754923
-0.611322 , -0.705143
-0.611322 , -0.705455
-0.611322 , -0.70554
-0.611322 , -0.705399
-0.611322 , -0.70697
-0.611322 , -0.703959
-0.697561 , -0.684713
-0.697561 , -0.684793
-0.697561 , -0.684747
-0.697561 , -0.684764
-0.654375 , -0.597749
-0.654375 , -0.597433
-0.654375 , -0.597785
-0.654375 , -0.597755
-0.654375 , -0.597722
-0.680251 , -0.546945
-0.680251 , -0.54651
-0.680251 , -0.547091
-0.680251 , -0.547215
-0.680251 , -0.546894
-0.601231 , -0.436547
-0.601231 , -0.436016
-0.601231 , -0.436119
-0.601231 , -0.436583
-0.601231 , -0.436284
-0.561179 , -0.354322
-0.561179 , -0.354697
-0.561179 , -0.354549
-0.561179 , -0.354573
-0.561179 , -0.354445
-0.501215 , -0.266914
-0.501215 , -0.267193
-0.501215 , -0.267053
-0.501215 , -0.26712
-0.501215 , -0.266891
-0.370645 , -0.145155
-0.370645 , -0.144547
-0.370645 , -0.145354
-0.370645 , -0.144638
-0.370645 , -0.145042
-0.322872 , -0.0826146
-0.322872 , -0.0808397
-0.322872 , -0.0828788
-0.322872 , -0.081776
-0.322872 , -0.0820862
-0.177214 , 0.0305944
-0.177214 , 0.0301348
-0.177214 , 0.0296209
-0.177214 , 0.0304066
-0.177214 , 0.0302188
-0.134595 , 0.0707994
-0.134595 , 0.0713093
-0.134595 , 0.071373
-0.134595 , 0.0707307
-0.134595 , 0.0712505
-0.0373492 , 0.137458
-0.0373492 , 0.137721
-0.0373492 , 0.138071
-0.0373492 , 0.138084
-0.0373492 , 0.137566
0.0119573 , 0.168327
0.0119573 , 0.168533
0.0119573 , 0.168581
0.0119573 , 0.168342
0.0119573 , 0.168674
0.0848562 , 0.207675
0.0848562 , 0.207696
0.0848562 , 0.20781
0.0848562 , 0.208188
0.0848562 , 0.207576
0.131346 , 0.224361
0.131346 , 0.224306
0.131346 , 0.22437
0.131346 , 0.224743
0.131346 , 0.224018
0.171488 , 0.233178
0.171488 , 0.232962
0.171488 , 0.233282
0.171488 , 0.233099
0.171488 , 0.232876
0.212312 , 0.239286
0.212312 , 0.239269
0.212312 , 0.239351
0.212312 , 0.239229
0.212312 , 0.239267
0.229005 , 0.227419
0.229005 , 0.227419
0.229005 , 0.227418
0.229005 , 0.227419
0.229005 , 0.227418
0.235694 , 0.208064
0.235694 , 0.208084
0.235694 , 0.208083
0.235694 , 0.208075
0.235694 , 0.208078
0.22514 , 0.178932
0.22514 , 0.178692
0.22514 , 0.178816
0.22514 , 0.179012
0.22514 , 0.178886
0.205794 , 0.14611
0.205794 , 0.146201
0.205794 , 0.146313
0.205794 , 0.146158
0.205794 , 0.146165
0.175642 , 0.108267
0.175642 , 0.108423
0.175642 , 0.108256
0.175642 , 0.108558
0.175642 , 0.108288
0.152549 , 0.0787294
0.152549 , 0.0791067
0.152549 , 0.0790541
0.152549 , 0.0789734
0.152549 , 0.0786557
0.137812 , 0.055751
0.137812 , 0.0558214
0.137812 , 0.0557999
0.137812 , 0.0556257
0.137812 , 0.055839
0.100314 , 0.0215368
0.100314 , 0.0217
0.100314 , 0.0217469
0.100314 , 0.0215518
0.100314 , 0.0215743
0.0801479 , 0.000491136
0.0801479 , 0.000508238
0.0801479 , 0.000333421
0.0801479 , 0.000474034
0.0801479 , 0.000301117
0.0400739 , -0.0293866
0.0400739 , -0.0293999
0.0400739 , -0.0297749
0.0400739 , -0.0294497
0.0400739 , -0.0295741
0.020037 , -0.0444623
0.020037 , -0.0448117
0.020037 , -0.0445008
0.020037 , -0.0444361
0.020037 , -0.0445854
-0.00501636 , -0.0602566
-0.00501636 , -0.0601803
-0.00501636 , -0.0601685
-0.00501636 , -0.0601356
-0.00501636 , -0.060229
-0.00250818 , -0.0585207
-0.00250818 , -0.0582411
-0.00250818 , -0.0584155
-0.00250818 , -0.0582185
-0.00250818 , -0.0583423
-0.0314488 , -0.0741135
-0.0314488 , -0.0737137
-0.0314488 , -0.0738878
-0.0314488 , -0.0740193
-0.0314488 , -0.0739809
-0.0470359 , -0.0794046
-0.0470359 , -0.0795237
-0.0470359 , -0.0793683
-0.0470359 , -0.0795663
-0.0470359 , -0.0794209
-0.054184 , -0.0787426
-0.054184 , -0.0787326
-0.054184 , -0.0787964
-0.054184 , -0.0787747
-0.054184 , -0.0787303
-0.056333 , -0.0742817
-0.056333 , -0.0742296
-0.056333 , -0.0742352
-0.056333 , -0.0742783
-0.056333 , -0.0743014
-0.058453 , -0.0697386
-0.058453 , -0.0697577
-0.058453 , -0.0697882
-0.058453 , -0.0697408
-0.058453 , -0.0697623
-0.0605411 , -0.0652362
-0.0605411 , -0.0652382
-0.0605411 , -0.0652531
-0.0605411 , -0.065247
-0.0605411 , -0.0652324
-0.0773551 , -0.0686867
-0.0773551 , -0.0687022
-0.0773551 , -0.0686997
-0.0773551 , -0.0686701
-0.0773551 , -0.0687032
-0.0540174 , -0.048188
-0.0540174 , -0.0481659
-0.0540174 , -0.0481776
-0.0540174 , -0.0481928
-0.0540174 , -0.0481835
-0.0570332 , -0.044378
-0.0570332 , -0.0443324
-0.0570332 , -0.0443529
-0.0570332 , -0.044401
-0.0570332 , -0.044336
-0.044242 , -0.0317307
-0.044242 , -0.0317707
-0.044242 , -0.0317281
-0.044242 , -0.0317543
-0.044242 , -0.0317445
-0.0370799 , -0.0233659
-0.0370799 , -0.0233496
-0.0370799 , -0.0233686
-0.0370799 , -0.023344
-0.0370799 , -0.0233329
-0.0339009 , -0.0178988
-0.0339009 , -0.0179624
-0.0339009 , -0.0179198
-0.0339009 , -0.0178204
-0.0339009 , -0.0179754
-0.0319138 , -0.0133896
-0.0319138 , -0.0133967
-0.0319138 , -0.0133724
-0.0319138 , -0.0134152
-0.0319138 , -0.013443
-0.0313025 , -0.00989453
-0.0313025 , -0.00991596
-0.0313025 , -0.00989657
-0.0313025 , -0.00989249
-0.0313025 , -0.00987973
-0.0156513 , 0.00180929
-0.0156513 , 0.00181762
-0.0156513 , 0.00184759
-0.0156513 , 0.00176558
-0.0156513 , 0.00181803
-0.00782563 , 0.00767247
-0.00782563 , 0.00777292
-0.00782563 , 0.00758422
-0.00782563 , 0.00769722
-0.00782563 , 0.00763961
-0.0199667 , 0.00164733
-0.0199667 , 0.0016602
-0.0199667 , 0.00152842
-0.0199667 , 0.00163652
-0.0199667 , 0.00161902
-0.00998335 , 0.00913352
-0.00998335 , 0.00904393
-0.00998335 , 0.00909941
-0.00998335 , 0.00908577
-0.00998335 , 0.0091026
-0.00499168 , 0.0128329
-0.00499168 , 0.0128363
-0.00499168 , 0.0128202
-0.00499168 , 0.0128185
-0.00499168 , 0.0128359
-0.00249584 , 0.0147976
-0.00249584 , 0.014598
-0.00249584 , 0.0146943
-0.00249584 , 0.0148161
-0.00249584 , 0.0146378
0.0134417 , 0.023564
0.0134417 , 0.0235671
0.0134417 , 0.023565
0.0134417 , 0.0235722
0.0134417 , 0.0236005
0.00672084 , 0.0185385
0.00672084 , 0.0185447
0.00672084 , 0.0185588
0.00672084 , 0.0184596
0.00672084 , 0.0186262
0.018518 , 0.0243264
0.018518 , 0.0243178
0.018518 , 0.0243438
0.018518 , 0.0243316
0.018518 , 0.0243282
0.00925901 , 0.0173943
0.00925901 , 0.0174113
0.00925901 , 0.0173904
0.00925901 , 0.0173844
0.00925901 , 0.0174082
0.0201055 , 0.0224694
0.0201055 , 0.022481
0.0201055 , 0.0224758
0.0201055 , 0.0224703
0.0201055 , 0.0224701
0.0254057 , 0.0233958
0.0254057 , 0.0233922
0.0254057 , 0.0233978
0.0254057 , 0.0233898
0.0254057 , 0.0233946
0.0127029 , 0.0138902
0.0127029 , 0.0138952
0.0127029 , 0.0138913
0.0127029 , 0.0138919
0.0127029 , 0.0138933
0.0220936 , 0.0178823
0.0220936 , 0.0178688
0.0220936 , 0.0178755
0.0220936 , 0.0178713
0.0220936 , 0.0178772
0.0110468 , 0.00960837
0.0110468 , 0.00960867
0.0110468 , 0.00961237
0.0110468 , 0.00961213
0.0110468 , 0.00961224
0.0209298 , 0.0139598
0.0209298 , 0.0139451
0.0209298 , 0.0139632
0.0209298 , 0.0139681
0.0209298 , 0.013941
0.0104649 , 0.00614152
0.0104649 , 0.00613811
0.0104649 , 0.00612551
0.0104649 , 0.0061346
0.0104649 , 0.00613243
0.0194297 , 0.00979756
0.0194297 , 0.0097762
0.0194297 , 0.00977344
0.0194297 , 0.00981088
0.0194297 , 0.00979457
0.0263556 , 0.0119362
0.0263556 , 0.0119163
0.0263556 , 0.0119465
0.0263556 , 0.0119248
0.0263556 , 0.0119551
0.0131778 , 0.00209069
0.0131778 , 0.0020584
0.0131778 , 0.00203511
0.0131778 , 0.00212721
0.0131778 , 0.00207402
0.0065889 , -0.00285545
0.0065889 , -0.0028478
0.0065889 , -0.00285725
0.0065889 , -0.00286738
0.0065889 , -2.48376
0.00329445 , -2.48835
0.00329445 , -2.48817
0.00329445 , -2.48911
0.00329445 , -2.48746
0.00329445 , -1.05414
-0.627326 , -1.40625
-0.627326 , -1.40693
-0.627326 , -1.40739
-0.627326 , -0.685923
-0.627326 , -0.685921
-1.30661 , -0.993325
-1.30661 , -0.9931
-1.30661 , -0.999544
-1.30661 , -0.999661
-1.30661 , -0.999852
-1.09082 , -0.753082
-1.09082 , -0.752637
-1.09082 , -0.691005
-1.09082 , -0.689799
-1.09082 , -0.690048
-1.04293 , -0.554499
-1.04293 , -0.552351
-1.04293 , -0.505335
-1.04293 , -0.502803
-1.04293 , -0.503985
-0.813541 , -0.274751
-0.813541 , -0.240329
-0.813541 , -0.237685
-0.813541 , -0.240795
-0.813541 , -0.23648
-0.62163 , -0.0534838
-0.62163 , -0.0126325
-0.62163 , -0.0166989
-0.62163 , -0.0129943
-0.62163 , -0.0140217
-0.389094 , 0.16841
-0.389094 , 0.170193
-0.389094 , 0.169528
-0.389094 , 0.167572
-0.389094 , 0.232624
-0.194547 , 0.380544
-0.194547 , 0.377627
-0.194547 , 0.378036
-0.194547 , 0.377
-0.194547 , 0.391932
0.0416714 , 0.542591
0.0416714 , 0.540737
0.0416714 , 0.539988
0.0416714 , 0.662153
0.0416714 , 0.66295
0.241099 , 0.769044
0.241099 , 0.769207
0.241099 , 0.76873
0.241099 , 0.973968
0.241099 , 0.977035
0.465872 , 1.07327
0.465872 , 1.07346
0.465872 , 1.07284
0.465872 , 1.2031
0.465872 , 1.20538
0.703107 , 1.28911
0.703107 , 1.28893
0.703107 , 1.59968
0.703107 , 1.60099
0.703107 , 1.60133
0.949675 , 1.66712
0.949675 , 1.66777
0.949675 , 1.67296
0.949675 , 1.67339
0.949675 , 1.67395
1.2985 , 1.76649
1.2985 , 2.05443
1.2985 , 2.05647
1.2985 , 2.05488
1.2985 , 2.0549
1.52623 , 2.05245
1.52623 , 1.99279
1.52623 , 1.99467
1.52623 , 1.99403
1.52623 , 1.99292
1.80733 , 2.18034
1.80733 , 2.18063
1.80733 , 2.18012
1.80733 , 2.17928
1.80733 , 2.18133
1.90867 , 1.67645
1.90867 , 1.67562
1.90867 , 1.676
1.90867 , 1.67592
1.90867 , 1.67607
2.00347 , -0.657721
2.00347 , -0.6593
2.00347 , -0.655322
2.00347 , -0.659552
2.00347 , 0.222159
1.42222 , -0.302177
1.42222 , -0.299435
1.42222 , -0.299598
1.42222 , -0.295793
1.42222 , 0.0522352
0.468854 , -0.614749
0.468854 , -0.612382
0.468854 , -0.611507
0.468854 , -0.472101
0.468854 , -0.47228
0.122885 , -0.710584
0.122885 , -0.708999
0.122885 , -0.709078
0.122885 , -0.651562
0.122885 , -0.655205
-0.276675 , -0.884824
-0.276675 , -0.886085
-0.276675 , -1.46951
-0.276675 , -1.47269
-0.276675 , -1.47402
-0.467316 , -1.55063
-0.467316 , -1.55264
-0.467316 , -0.707914
-0.467316 , -0.708255
-0.467316 , -0.708371
-0.997202 , -0.949447
-0.997202 , -1.08022
-0.997202 , -1.0805
-0.997202 , -1.08011
-0.997202 , -1.08033
-0.867776 , -0.910469
-0.867776 , -0.962643
-0.867776 , -0.962909
-0.867776 , -0.962911
-0.867776 , -0.962384
-1.01592 , -0.978901
-1.01592 , -0.978827
-1.01592 , -0.979001
-1.01592 , -0.97885
-1.01592 , -0.97889
-0.937086 , -0.842911
-0.937086 , -0.843308
-0.937086 , -0.843102
-0.937086 , -0.84312
-0.937086 , -0.846696
-0.970271 , -0.770933
-0.970271 , -0.770952
-0.970271 , -0.770111
-0.970271 , -0.771451
-0.970271 , -0.771952
-0.871513 , -0.622114
-0.871513 , -0.62234
-0.871513 , -0.622037
-0.871513 , -0.623368
-0.871513 , -0.622301
-0.804938 , -0.500032
-0.804938 , -0.500149
-0.804938 , -0.50036
-0.804938 , -0.500487
-0.804938 , -0.499513
-0.689947 , -0.353908
-0.689947 , -0.351629
-0.689947 , -0.354972
-0.689947 , -0.353456
-0.689947 , -0.353424
-0.542419 , -0.206723
-0.542419 , -0.206019
-0.542419 , -0.206758
-0.542419 , -0.20663
-0.542419 , -0.205853
-0.425586 , -0.0885349
-0.425586 , -0.0896246
-0.425586 , -0.0874004
-0.425586 , -0.0892874
-0.425586 , -0.0885808
-0.258779 , 0.0446368
-0.258779 , 0.0449936
-0.258779 , 0.045508
-0.258779 , 0.0445734
-0.258779 , 0.0461166
-0.175245 , 0.116292
-0.175245 , 0.117425
-0.175245 , 0.116033
-0.175245 , 0.1162
-0.175245 , 0.116931
-0.0435764 , 0.206067
-0.0435764 , 0.206162
-0.0435764 , 0.205942
-0.0435764 , 0.206739
-0.0435764 , 0.205787
0.0427122 , 0.258532
0.0427122 , 0.258357
0.0427122 , 0.258465
0.0427122 , 0.259689
0.0427122 , 0.257688
0.141009 , 0.307901
0.141009 , 0.307635
0.141009 , 0.307401
0.141009 , 0.307917
0.141009 , 0.307865
0.227807 , 0.341784
0.227807 , 0.342114
0.227807 , 0.342561
0.227807 , 0.342171
0.227807 , 0.341932
0.26852 , 0.341955
0.26852 , 0.342183
0.26852 , 0.342227
0.26852 , 0.342199
0.26852 , 0.342131
0.290718 , 0.328361
0.290718 , 0.32842
0.290718 , 0.328311
0.290718 , 0.328375
0.290718 , 0.328152
0.329788 , 0.321025
0.329788 , 0.321062
0.329788 , 0.32106
0.329788 , 0.321071
0.329788 , 0.321059
0.314585 , 0.279267
0.314585 , 0.279233
0.314585 , 0.279303
0.314585 , 0.279261
0.314585 , 0.27919
0.32597 , 0.254323
0.32597 , 0.254367
0.32597 , 0.254338
0.32597 , 0.254116
0.32597 , 0.254394
0.286117 , 0.200105
0.286117 , 0.200234
0.286117 , 0.20014
0.286117 , 0.200078
0.286117 , 0.199994
0.261034 , 0.157363
0.261034 , 0.157051
0.261034 , 0.157269
0.261034 , 0.156657
0.261034 , 0.156959
0.226905 , 0.113194
0.226905 , 0.113552
0.226905 , 0.113264
0.226905 , 0.113207
0.226905 , 0.113286
0.188218 , 0.0691486
0.188218 , 0.0688987
0.188218 , 0.0692536
0.188218 , 0.0690889
0.188218 , 0.0686829
0.140279 , 0.0246136
0.140279 , 0.0239601
0.140279 , 0.023949
0.140279 , 0.0243339
0.140279 , 0.0240875
0.10071 , -0.0122537
0.10071 , -0.0110573
0.10071 , -0.011705
0.10071 , -0.0112233
0.10071 , -0.0115819
0.0503551 , -0.0493864
0.0503551 , -0.0495051
0.0503551 , -0.0490778
0.0503551 , -0.0492677
0.0503551 , -0.0489686
0.0251776 , -0.0684431
0.0251776 , -0.0678741
0.0251776 , -0.0680119
0.0251776 , -0.0684164
0.0251776 , -0.067734
-0.017454 , -0.0940394
-0.017454 , -0.0936114
-0.017454 , -0.0939101
-0.017454 , -0.0940631
-0.017454 , -0.0938955
-0.0402087 , -0.104812
-0.0402087 , -0.104794
-0.0402087 , -0.104851
-0.0402087 , -0.104671
-0.0402087 , -0.104909
-0.0507662 , -0.10655
-0.0507662 , -0.106622
-0.0507662 , -0.106479
-0.0507662 , -0.106673
-0.0507662 , -0.106561
-0.0507662 , -0.106645
-0.081331 , -0.11744
-0.081331 , -0.117275
-0.081331 , -0.117325
-0.081331 , -0.117293
-0.0917824 , -0.115995
-0.0917824 , -0.115923
-0.0917824 , -0.11608
-0.0917824 , -0.115906
-0.0917824 , -0.116005
-0.0929767 , -0.107817
-0.0929767 , -0.107714
-0.0929767 , -0.107786
-0.0929767 , -0.10777
-0.0929767 , -0.107709
-0.0925041 , -0.0982796
-0.0925041 , -0.098294
-0.0925041 , -0.0982732
-0.0925041 , -0.0982732
-0.0925041 , -0.0982743
-0.107743 , -0.097515
-0.107743 , -0.0974762
-0.107743 , -0.0975172
-0.107743 , -0.0975089
-0.107743 , -0.0975201
-0.0835318 , -0.0733059
-0.0835318 , -0.073312
-0.0835318 , -0.073311
-0.0835318 , -0.0732771
-0.0835318 , -0.0733171
-0.0874065 , -0.0670942
-0.0874065 , -0.0670835
-0.0874065 , -0.0670128
-0.0874065 , -0.0671248
-0.0874065 , -0.0670942
-0.0748527 , -0.0515944
-0.0748527 , -0.0516088
-0.0748527 , -0.0515107
-0.0748527 , -0.0516531
-0.0748527 , -0.0516293
-0.0527597 , -0.0320307
-0.0527597 , -0.0319521
-0.0527597 , -0.032045
-0.0527597 , -0.0320534
-0.0527597 , -0.0320578
-0.0417467 , -0.0207098
-0.0417467 , -0.0207328
-0.0417467 , -0.0207794
-0.0417467 , -0.0207879
-0.0417467 , -0.0207288
-0.0362206 , -0.0135959
-0.0362206 , -0.01353
-0.0362206 , -0.0136002
-0.0362206 , -0.0135824
-0.0362206 , -0.0134534
-0.0181103 , -7.15545e-05
-0.0181103 , -5.56046e-05
-0.0181103 , -6.89262e-06
-0.0181103 , -6.29329e-05
-0.0181103 , 9.48837e-06
-0.00905514 , 0.00672129
-0.00905514 , 0.00673221
-0.00905514 , 0.00673409
-0.00905514 , 0.00676234
-0.00905514 , 0.00673372
-0.00452757 , 0.0101419
-0.00452757 , 0.0102111
-0.00452757 , 0.0100919
-0.00452757 , 0.0101157
-0.00452757 , 0.0101083
-0.00226379 , 0.0118883
-0.00226379 , 0.0117969
-0.00226379 , 0.0118308
-0.00226379 , 0.0118375
-0.00226379 , 0.0118463
-0.0166179 , 0.00403725
-0.0166179 , 0.00414755
-0.0166179 , 0.00421779
-0.0166179 , 0.0040412
-0.0166179 , 0.00419306
0.00732894 , 0.0189912
0.00732894 , 0.0190029
0.00732894 , 0.0190194
0.00732894 , 0.019016
0.00732894 , 0.0189912
-0.0112782 , 0.00812308
-0.0112782 , 0.00809163
-0.0112782 , 0.00808237
-0.0112782 , 0.00818876
-0.0112782 , 0.00812493
0.0100824 , 0.021059
0.0100824 , 0.0210549
0.0100824 , 0.0210384
0.0100824 , 0.0210583
0.0100824 , 0.0210603
0.0200829 , 0.0255046
0.0200829 , 0.0255209
0.0200829 , 0.0254689
0.0200829 , 0.025509
0.0200829 , 0.0255019
0.0246728 , 0.0258879
0.0246728 , 0.025891
0.0246728 , 0.0258892
0.0246728 , 0.0258867
0.0246728 , 0.0258878
0.0123364 , 0.0166603
0.0123364 , 0.0166578
0.0123364 , 0.0166608
0.0123364 , 0.0166888
0.0123364 , 0.0166405
0.0212878 , 0.0203108
0.0212878 , 0.0203175
0.0212878 , 0.0203121
0.0212878 , 0.0203131
0.0212878 , 0.0203121
0.0263815 , 0.0210909
0.0263815 , 0.0210844
0.0263815 , 0.021066
0.0263815 , 0.0210956
0.0263815 , 0.0210755
0.0131908 , 0.0112115
0.0131908 , 0.0112228
0.0131908 , 0.0112066
0.0131908 , 0.0112176
0.0131908 , 0.0112101
0.0212665 , 0.0142116
0.0212665 , 0.0142123
0.0212665 , 0.0142321
0.0212665 , 0.0142067
0.0212665 , 0.014222
0.0106332 , 0.0062593
0.0106332 , 0.00625795
0.0106332 , 0.00623917
0.0106332 , 0.00627495
0.0106332 , 0.00625972
0.0206543 , 0.0107146
0.0206543 , 0.0107085
0.0206543 , 0.0107097
0.0206543 , 0.0107116
0.0206543 , 0.0107116
0.0103272 , 0.00295282
0.0103272 , 0.0030146
0.0103272 , 0.00297995
0.0103272 , 0.0029698
0.0103272 , 0.0029873
0.0204976 , 0.0075839
0.0204976 , 0.00754254
0.0204976 , 0.00756445
0.0204976 , 0.00754007
0.0204976 , 0.0075231
0.0102488 , -9.1124e-05
0.0102488 , -0.000112619
0.0102488 , -0.000108666
0.0102488 , -0.00012522
0.0102488 , -0.000120032
0.00512439 , -0.00395428
0.00512439 , -0.00393525
0.00512439 , -0.00395169
0.00512439 , -0.00395882
0.00512439 , -0.00394606
0.00256219 , -0.00586037
0.00256219 , -0.00586198
0.00256219 , -0.00586379
0.00256219 , -0.0058654
0.00256219 , -0.00586962
0.0012811 , -0.00681806
0.0012811 , -0.0068252
0.0012811 , -0.00685457
0.0012811 , -0.00679932
0.0012811 , -0.00683254
0.000640549 , -0.00730127
0.000640549 , -0.00729881
0.000640549 , -0.00729881
0.000640549 , -0.00730033
0.000640549 , -0.00730052
0.000320274 , -0.00754854
0.000320274 , -0.0075401
0.000320274 , -0.00753917
0.000320274 , -0.00755098
0.000320274 , -0.00753523
0.000160137 , -0.00766922
0.000160137 , -0.00765505
0.000160137 , -0.00766848
0.000160137 , -0.00766064
0.000160137 , -0.00766754
8.00686e-05 , -0.00771589
8.00686e-05 , -0.00772742
8.00686e-05 , -0.00771198
8.00686e-05 , -0.00772984
8.00686e-05 , -0.00771645
4.00343e-05 , -0.00776609
4.00343e-05 , -0.0077386
4.00343e-05 , -0.00775587
4.00343e-05 , -0.00776535
4.00343e-05 , -0.00773396
2.00171e-05 , -0.00776695
2.00171e-05 , -0.00776323
2.00171e-05 , -0.00776769
2.00171e-05 , -0.00776695
2.00171e-05 , -0.00777474
1.00086e-05 , -0.00776979
1.00086e-05 , -0.00778297
1.00086e-05 , -0.00779466
1.00086e-05 , -0.00775272
1.00086e-05 , -0.00777443
5.00429e-06 , -0.00778671
5.00429e-06 , -0.00776964
5.00429e-06 , -0.00778671
5.00429e-06 , -0.00777354
5.00429e-06 , -0.00777038
2.50214e-06 , -0.00777689
2.50214e-06 , -0.00779804
2.50214e-06 , -0.00776595
2.50214e-06 , -0.00778005
2.50214e-06 , -0.00777931
1.25107e-06 , -0.0077756
1.25107e-06 , -0.00778321
1.25107e-06 , -0.00778877
1.25107e-06 , -0.00777097
1.25107e-06 , -0.00779267
6.25536e-07 , -0.00778757
6.25536e-07 , -0.00776513
6.25536e-07 , -0.00778312
6.25536e-07 , -0.00777904
6.25536e-07 , -0.00778312
3.12768e-07 , -0.00778002
3.12768e-07 , -0.00778725
3.12768e-07 , -0.00777705
3.12768e-07 , -0.00777612
3.12768e-07 , -0.00780042
1.56384e-07 , -0.00780202
1.56384e-07 , -0.00778254
1.56384e-07 , -0.00777791
1.56384e-07 , -0.00775546
1.56384e-07 , -0.00777624
7.8192e-08 , -0.00778743
7.8192e-08 , -0.00777797
7.8192e-08 , -0.00778186
7.8192e-08 , -0.00777871
7.8192e-08 , -0.00778112
3.9096e-08 , -0.00778579
3.9096e-08 , -0.00777966
3.9096e-08 , -0.00780433
3.9096e-08 , -0.00776241
3.9096e-08 , -0.00778282
1.9548e-08 , -0.00779897
1.9548e-08 , -0.00776317
1.9548e-08 , -0.00777801
1.9548e-08 , -0.00778895
1.9548e-08 , -0.00777801
9.774e-09 , -0.00778191
9.774e-09 , -0.00779286
9.774e-09 , -0.00778581
9.774e-09 , -0.00777189
9.774e-09 , -0.0077834
4.887e-09 , -0.00777338
4.887e-09 , -0.00778507
4.887e-09 , -0.00778192
4.887e-09 , -0.00777802
4.887e-09 , -0.00778117
2.4435e-09 , -0.00778266
2.4435e-09 , -0.00779045
2.4435e-09 , -0.00777728
2.4435e-09 , -0.00778192
2.4435e-09 , -0.00781382
1.22175e-09 , -0.00777654
1.22175e-09 , -0.00778489
1.22175e-09 , -0.00778507
1.22175e-09 , -0.00776949
1.22175e-09 , -0.00777876
6.10875e-10 , -0.00779064
6.10875e-10 , -0.00778025
6.10875e-10 , -0.00776337
6.10875e-10 , -0.00777487
6.10875e-10 , -0.00791269
3.05437e-10 , -0.00765504
3.05437e-10 , -0.00779898
3.05437e-10 , -0.00776485
3.05437e-10 , -0.00780065
3.05437e-10 , -0.00776949
1.52719e-10 , -0.00777339
1.52719e-10 , -0.00778099
1.52719e-10 , -0.00781011
1.52719e-10 , -0.00775224
1.52719e-10 , -0.00778581
7.63593e-11 , -0.00795313
7.63593e-11 , -0.0076107
7.63593e-11 , -0.00778285
7.63593e-11 , -0.00778099
7.63593e-11 , -0.00777728
3.81797e-11 , -0.00778266
3.81797e-11 , -0.00778359
3.81797e-11 , -0.00779045
3.81797e-11 , -0.00777487
3.81797e-11 , -0.00781308
1.90898e-11 , -0.00775947
1.90898e-11 , -0.00779824
1.90898e-11 , -0.00776003
1.90898e-11 , -0.0078077
1.90898e-11 , -0.00779509
9.54492e-12 , -0.00778656
9.54492e-12 , -0.00775632
9.54492e-12 , -0.00776708
9.54492e-12 , -0.00778192
9.54492e-12 , -0.00778192
4.77246e-12 , -0.00779602
4.77246e-12 , -0.00776875
4.77246e-12 , -0.00779361
4.77246e-12 , -0.00778099
4.77246e-12 , -0.00779212
2.38623e-12 , -0.00777264
2.38623e-12 , -0.00776708
2.38623e-12 , -0.00779509
2.38623e-12 , -0.00776949
2.38623e-12 , -0.00778581
1.19311e-12 , -0.00778118
1.19311e-12 , -0.00777339
1.19311e-12 , -0.00779509
1.19311e-12 , -0.00778507
1.19311e-12 , -0.0077656
5.96557e-13 , -0.00778656
5.96557e-13 , -0.00777895
5.96557e-13 , -0.00778489
5.96557e-13 , -0.00779064
5.96557e-13 , -0.00776634
2.98279e-13 , -0.00778581
2.98279e-13 , -0.00778025
2.98279e-13 , -0.00778674
2.98279e-13 , -0.00777728
2.98279e-13 , -0.0077834
1.49139e-13 , -0.00777728
1.49139e-13 , -0.00778266
1.49139e-13 , -0.00778748
1.49139e-13 , -0.00778489
1.49139e-13 , -0.00777506
7.45697e-14 , -0.00778192
7.45697e-14 , -0.00778414
7.45697e-14 , -0.00778118
7.45697e-14 , -0.00779045
7.45697e-14 , -0.00777264
3.72848e-14 , -0.00777802
3.72848e-14 , -0.0077975
3.72848e-14 , -0.00777877
3.72848e-14 , -0.00777895
3.72848e-14 , -0.00777635
1.86424e-14 , -0.0078014
1.86424e-14 , -0.00776708
1.86424e-14 , -0.00778043
1.86424e-14 , -0.00778748
1.86424e-14 , -0.00777413
9.32121e-15 , -0.00778804
9.32121e-15 , -0.00777969
9.32121e-15 , -0.00777802
9.32121e-15 , -0.00778192
9.32121e-15 , -0.0078014
4.6606e-15 , -0.00776856
4.6606e-15 , -0.00777654
4.6606e-15 , -0.00777654
4.6606e-15 , -0.00778804
4.6606e-15 , -0.00778433
2.3303e-15 , -0.00777951
2.3303e-15 , -0.00777895
2.3303e-15 , -0.00778804
2.3303e-15 , -0.00779917
2.3303e-15 , -0.00776318
1.16515e-15 , -0.00779286
1.16515e-15 , -0.00776782
1.16515e-15 , -0.00778043
1.16515e-15 , -0.00780362
1.16515e-15 , -0.00776652
5.82576e-16 , -0.0077834
5.82576e-16 , -0.0077873
5.82576e-16 , -0.00778581
5.82576e-16 , -0.0077656
5.82576e-16 , -0.00778433
2.91288e-16 , -0.00777877
2.91288e-16 , -0.00778118
2.91288e-16 , -0.00778433
2.91288e-16 , -0.00778266
2.91288e-16 , -0.00777877
1.45644e-16 , -0.00780307
1.45644e-16 , -0.00775855
1.45644e-16 , -0.00778581
1.45644e-16 , -0.00778118
1.45644e-16 , -0.00781995
7.28219e-17 , -0.00775076
7.28219e-17 , -0.00780065
7.28219e-17 , -0.00777413
7.28219e-17 , -0.00777339
7.28219e-17 , -0.00781234
3.6411e-17 , -0.00774612
3.6411e-17 , -0.00778266
3.6411e-17 , -0.00778192
3.6411e-17 , -0.00778192
3.6411e-17 , -0.00778359
1.82055e-17 , -0.00780362
1.82055e-17 , -0.00776022
1.82055e-17 , -0.00777561
1.82055e-17 , -0.00777728
1.82055e-17 , -0.00778897
9.10274e-18 , -0.00778507
9.10274e-18 , -0.00780214
9.10274e-18 , -0.00775855
9.10274e-18 , -0.00778266
9.10274e-18 , -0.00779602
4.55137e-18 , -0.00778025
4.55137e-18 , -0.0077758
4.55137e-18 , -0.00777264
4.55137e-18 , -0.00778099
4.55137e-18 , -0.00778433
2.27569e-18 , -0.00778897
2.27569e-18 , -0.00777246
2.27569e-18 , -0.00778118
2.27569e-18 , -0.00778433
2.27569e-18 , -0.00778192
1.13784e-18 , -0.00778118
1.13784e-18 , -0.00777877
1.13784e-18 , -0.00779898
1.13784e-18 , -0.00778433
1.13784e-18 , -0.0078014
5.68921e-19 , -0.0077656
5.68921e-19 , -0.00776949
5.68921e-19 , -0.00779676
5.68921e-19 , -0.00776467
5.68921e-19 , -0.00777654
2.84461e-19 , -0.00781141
2.84461e-19 , -0.00778118
2.84461e-19 , -0.0077617
2.84461e-19 , -0.00781234
2.84461e-19 , -0.00776782
1.4223e-19 , -0.00777895
1.4223e-19 , -0.00777877
1.4223e-19 , -0.00777339
1.4223e-19 , -0.00780455
1.4223e-19 , -0.00774834
7.11152e-20 , -0.00781549
7.11152e-20 , -0.00775391
7.11152e-20 , -0.00780529
7.11152e-20 , -0.00778971
7.11152e-20 , -0.00774686
3.55576e-20 , -0.00779435
3.55576e-20 , -0.00777561
3.55576e-20 , -0.00778581
3.55576e-20 , -0.00777431
3.55576e-20 , -0.00778878
1.77788e-20 , -0.00778823
1.77788e-20 , -0.00777264
1.77788e-20 , -0.00779824
1.77788e-20 , -0.00776782
1.77788e-20 , -0.00779676
8.8894e-21 , -0.00776485
8.8894e-21 , -0.00780288
8.8894e-21 , -0.00776244
8.8894e-21 , -0.00779138
8.8894e-21 , -0.00778192
4.4447e-21 , -0.00779119
4.4447e-21 , -0.00775242
4.4447e-21 , -0.00779119
4.4447e-21 , -0.00780288
4.4447e-21 , -0.00776096
2.22235e-21 , -0.00779435
2.22235e-21 , -0.00779138
2.22235e-21 , -0.00776708
2.22235e-21 , -0.00778266
2.22235e-21 , -0.00780307
1.11117e-21 , -0.00779119
1.11117e-21 , -0.00774612
1.11117e-21 , -0.0077834
1.11117e-21 , -0.0077758
1.11117e-21 , -0.00782087
5.55587e-22 , -0.00776708
5.55587e-22 , -0.00777487
5.55587e-22 , -0.00778043
5.55587e-22 , -0.00776318
5.55587e-22 , -0.00778118
2.77794e-22 , -0.00778971
2.77794e-22 , -0.00778823
2.77794e-22 , -0.00778656
2.77794e-22 , -0.00776708
2.77794e-22 , -0.00779435
1.38897e-22 , -0.00776411
1.38897e-22 , -0.00778266
1.38897e-22 , -0.00777264
1.38897e-22 , -0.00779361
1.38897e-22 , -0.00778118
6.94484e-23 , -0.00778025
6.94484e-23 , -0.00778507
6.94484e-23 , -0.00778043
6.94484e-23 , -0.00778192
6.94484e-23 , -0.00779824
3.47242e-23 , -0.00777264
3.47242e-23 , -0.00777877
3.47242e-23 , -0.00779602
3.47242e-23 , -0.00778414
3.47242e-23 , -0.00776485
1.73621e-23 , -0.00783553
1.73621e-23 , -0.00773146
1.73621e-23 , -0.00778118
1.73621e-23 , -0.00778878
1.73621e-23 , -0.00782162
8.68105e-24 , -0.00772757
8.68105e-24 , -0.00782699
8.68105e-24 , -0.00774612
8.68105e-24 , -0.00782625
8.68105e-24 , -0.00772831
4.34053e-24 , -0.00778507
4.34053e-24 , -0.0077873
4.34053e-24 , -0.00778507
4.34053e-24 , -0.00778823
4.34053e-24 , -0.00776467
2.17026e-24 , -0.00777895
2.17026e-24 , -0.0078014
2.17026e-24 , -0.00776856
2.17026e-24 , -0.00777802
2.17026e-24 , -0.00779212
1.08513e-24 , -0.00777413
1.08513e-24 , -0.00778433
1.08513e-24 , -0.00782848
1.08513e-24 , -0.00773759
1.08513e-24 , -0.0077758
5.42566e-25 , -0.00780214
5.42566e-25 , -0.00776782
5.42566e-25 , -0.00777969
5.42566e-25 , -0.00777951
5.42566e-25 , -0.00778043
2.71283e-25 , -0.00778656
2.71283e-25 , -0.00778266
2.71283e-25 , -0.00777654
2.71283e-25 , -0.00777877
2.71283e-25 , -0.00779361
1.35641e-25 , -0.00777895
1.35641e-25 , -0.00777877
1.35641e-25 , -0.00777728
1.35641e-25 , -0.00778025
1.35641e-25 , -0.00779286
6.78207e-26 , -0.00779045
6.78207e-26 , -0.00776634
6.78207e-26 , -0.00778674
6.78207e-26 , -0.00779268
6.78207e-26 , -0.0077719
3.39104e-26 , -0.00777802
3.39104e-26 , -0.00777654
3.39104e-26 , -0.00779268
3.39104e-26 , -0.00777895
3.39104e-26 , -0.0077834
1.69552e-26 , -0.0077758
1.69552e-26 , -0.00778656
1.69552e-26 , -0.00777877
1.69552e-26 , -0.00778118
1.69552e-26 , -0.00778433
8.47759e-27 , -0.00778489
8.47759e-27 , -0.00777728
8.47759e-27 , -0.00778285
8.47759e-27 , -0.00777951
8.47759e-27 , -0.00778266
4.23879e-27 , -0.00778266
4.23879e-27 , -0.00779138
4.23879e-27 , -0.00777487
4.23879e-27 , -0.00778656
4.23879e-27 , -0.00777728
2.1194e-27 , -0.00777969
2.1194e-27 , -0.00778414
2.1194e-27 , -0.00779212
2.1194e-27 , -0.00777877
2.1194e-27 , -0.00777264
1.0597e-27 , -0.00780678
1.0597e-27 , -0.00776708
1.0597e-27 , -0.00778192
1.0597e-27 , -0.00777728
1.0597e-27 , -0.00779212
5.29849e-28 , -0.00779045
5.29849e-28 , -0.00776096
5.29849e-28 , -0.00778507
5.29849e-28 , -0.00777951
5.29849e-28 , -0.00781067
2.64925e-28 , -0.00775484
2.64925e-28 , -0.00777802
2.64925e-28 , -0.00778266
2.64925e-28 , -0.00778118
2.64925e-28 , -0.00780993
1.32462e-28 , -0.0077578
1.32462e-28 , -0.00777561
1.32462e-28 , -0.00779917
1.32462e-28 , -0.00776949
1.32462e-28 , -0.00778099
6.62312e-29 , -0.00778897
6.62312e-29 , -0.00778823
6.62312e-29 , -0.00777487
6.62312e-29 , -0.00782792
6.62312e-29 , -0.00773128
3.31156e-29 , -0.00779286
3.31156e-29 , -0.00777246
3.31156e-29 , -0.00780065
3.31156e-29 , -0.00776485
3.31156e-29 , -0.00777802
1.65578e-29 , -0.00777802
1.65578e-29 , -0.00778118
1.65578e-29 , -0.0077873
1.65578e-29 , -0.00778118
1.65578e-29 , -0.00778507
8.2789e-30 , -0.00777802
8.2789e-30 , -0.00780529
8.2789e-30 , -0.00776244
8.2789e-30 , -0.00778118
8.2789e-30 , -0.00777877
4.13945e-30 , -0.00777969
4.13945e-30 , -0.00779898
4.13945e-30 , -0.00779583
4.13945e-30 , -0.00777431
4.13945e-30 , -0.00776318
2.06972e-30 , -0.00777951
2.06972e-30 , -0.00778043
2.06972e-30 , -0.00778433
2.06972e-30 , -0.00777728
2.06972e-30 , -0.00778266
1.03486e-30 , -0.00780603
1.03486e-30 , -0.0077834
1.03486e-30 , -0.00775873
1.03486e-30 , -0.00777951
1.03486e-30 , -0.00779898
5.17431e-31 , -0.00777023
5.17431e-31 , -0.0077758
5.17431e-31 , -0.0077834
5.17431e-31 , -0.00778359
5.17431e-31 , -0.00779361
2.58716e-31 , -0.00776949
2.58716e-31 , -0.00778099
2.58716e-31 , -0.00778285
2.58716e-31 , -0.00777951
2.58716e-31 , -0.00778748
1.29358e-31 , -0.0077771
1.29358e-31 , -0.00777654
1.29358e-31 , -0.00778897
1.29358e-31 , -0.00778897
1.29358e-31 , -0.00777413
6.46789e-32 , -0.00778507
6.46789e-32 , -0.00776634
6.46789e-32 , -0.00779119
6.46789e-32 , -0.00778359
6.46789e-32 , -0.00779435
3.23394e-32 , -0.00777413
3.23394e-32 , -0.00778025
3.23394e-32 , -0.00779527
3.23394e-32 , -0.0077656
3.23394e-32 , -0.00778804
1.61697e-32 , -0.00777895
1.61697e-32 , -0.00777951
1.61697e-32 , -0.0077873
1.61697e-32 , -0.00780844
1.61697e-32 , -0.00775076
8.08486e-33 , -0.00778897
8.08486e-33 , -0.00778971
8.08486e-33 , -0.00778192
8.08486e-33 , -0.00776875
8.08486e-33 , -0.00777561
4.04243e-33 , -0.00778192
4.04243e-33 , -0.00778823
4.04243e-33 , -0.00778192
4.04243e-33 , -0.00778266
4.04243e-33 , -0.00778043
2.02121e-33 , -0.00779602
2.02121e-33 , -0.00778804
2.02121e-33 , -0.00776096
2.02121e-33 , -0.00777877
2.02121e-33 , -0.00781698
1.01061e-33 , -0.00775539
1.01061e-33 , -0.00777802
1.01061e-33 , -0.0077758
1.01061e-33 , -0.00778823
1.01061e-33 , -0.00778656
5.05304e-34 , -0.00777802
5.05304e-34 , -0.00777728
5.05304e-34 , -0.00778507
5.05304e-34 , -0.00778266
5.05304e-34 , -0.00778971
2.52652e-34 , -0.00778266
2.52652e-34 , -0.00777413
2.52652e-34 , -0.00777654
2.52652e-34 , -0.00778414
2.52652e-34 , -0.00778748
1.26326e-34 , -0.00777635
1.26326e-34 , -0.00778285
1.26326e-34 , -0.00778507
1.26326e-34 , -0.00778414
1.26326e-34 , -0.0077758
6.3163e-35 , -0.00777951
6.3163e-35 , -0.00780603
6.3163e-35 , -0.0077617
6.3163e-35 , -0.00778433
6.3163e-35 , -0.00779286
3.15815e-35 , -0.00777246
3.15815e-35 , -0.00778433
3.15815e-35 , -0.00777877
3.15815e-35 , -0.0077719
3.15815e-35 , -0.00778971
1.57907e-35 , -0.00778266
1.57907e-35 , -0.00779194
1.57907e-35 , -0.00776485
1.57907e-35 , -0.00778897
1.57907e-35 , -0.00778118
7.89537e-36 , -0.00779119
7.89537e-36 , -0.00776875
7.89537e-36 , -0.00778581
7.89537e-36 , -0.00778897
7.89537e-36 , -0.00777413
3.94769e-36 , -0.00778656
3.94769e-36 , -0.00777487
3.94769e-36 , -0.00777969
3.94769e-36 , -0.00779657
3.94769e-36 , -0.00778897
1.97384e-36 , -0.00776244
1.97384e-36 , -0.00777969
1.97384e-36 , -0.00778656
1.97384e-36 , -0.00778433
1.97384e-36 , -0.00778414
9.86921e-37 , -0.00777413
9.86921e-37 , -0.00778043
9.86921e-37 , -0.00778897
9.86921e-37 , -0.00778118
9.86921e-37 , -0.0077834
4.93461e-37 , -0.00778118
4.93461e-37 , -0.00777728
4.93461e-37 , -0.00779119
4.93461e-37 , -0.0077758
4.93461e-37 , -0.00778192
2.4673e-37 , -0.00777877
2.4673e-37 , -0.0077719
2.4673e-37 , -0.00783237
2.4673e-37 , -0.00774315
2.4673e-37 , -0.00779361
1.23365e-37 , -0.00776931
1.23365e-37 , -0.00778192
1.23365e-37 , -0.00778433
1.23365e-37 , -0.00779361
1.23365e-37 , -0.00778433
6.16826e-38 , -0.00778414
6.16826e-38 , -0.00776949
6.16826e-38 , -0.00780455
6.16826e-38 , -0.00775391
6.16826e-38 , -0.00778433
3.08413e-38 , -0.00777877
3.08413e-38 , -0.00778414
3.08413e-38 , -0.00777821
3.08413e-38 , -0.00778192
3.08413e-38 , -0.00779045
1.54206e-38 , -0.00777487
1.54206e-38 , -0.00778266
1.54206e-38 , -0.00778192
1.54206e-38 , -0.00778118
1.54206e-38 , -0.00778359
7.71032e-39 , -0.00778878
7.71032e-39 , -0.00777264
7.71032e-39 , -0.00778359
7.71032e-39 , -0.00778099
7.71032e-39 , -0.00778507
3.85516e-39 , -0.00778359
3.85516e-39 , -0.00777802
3.85516e-39 , -0.00778656
3.85516e-39 , -0.00777413
3.85516e-39 , -0.00777951
1.92758e-39 , -0.00778285
1.92758e-39 , -0.00780362
1.92758e-39 , -0.00776337
1.92758e-39 , -0.00778804
1.92758e-39 , -0.00777339
9.6379e-40 , -0.00781698
9.6379e-40 , -0.00777413
9.6379e-40 , -0.00776708
9.6379e-40 , -0.00779138
9.6379e-40 , -0.0077617
4.81895e-40 , -0.00778025
4.81895e-40 , -0.00778043
4.81895e-40 , -0.00778581
4.81895e-40 , -0.00777802
4.81895e-40 , -0.00778192
2.40948e-40 , -0.00779212
2.40948e-40 , -0.00777951
2.40948e-40 , -0.00778043
2.40948e-40 , -0.00777635
2.40948e-40 , -0.00784183
1.20474e-40 , -0.00773536
1.20474e-40 , -0.00777487
1.20474e-40 , -0.0077758
1.20474e-40 , -0.00780362
1.20474e-40 , -0.00778581
6.02369e-41 , -0.00778192
6.02369e-41 , -0.00777728
6.02369e-41 , -0.00779824
6.02369e-41 , -0.00778266
6.02369e-41 , -0.0077617
3.01184e-41 , -0.00777802
3.01184e-41 , -0.0077719
3.01184e-41 , -0.0077834
3.01184e-41 , -0.00793922
3.01184e-41 , -0.00761608
3.01184e-41 , -0.00778043
1.50592e-41 , -0.00778118
1.50592e-41 , -0.0077834
1.50592e-41 , -0.00778507
1.50592e-41 , -0.00779602
7.52961e-42 , -0.0077771
7.52961e-42 , -0.00778748
7.52961e-42 , -0.00776949
7.52961e-42 , -0.00777635
7.52961e-42 , -0.00779064
3.76481e-42 , -0.00778414
3.76481e-42 , -0.00778433
3.76481e-42 , -0.00777487
3.76481e-42 , -0.00778433
3.76481e-42 , -0.00777097
1.8824e-42 , -0.00778192
1.8824e-42 , -0.00778433
1.8824e-42 , -0.00779045
1.8824e-42 , -0.00786743
1.8824e-42 , -0.0077042
9.41202e-43 , -0.00778433
9.41202e-43 , -0.00777561
9.41202e-43 , -0.00777877
9.41202e-43 , -0.00777728
9.41202e-43 , -0.00778897
4.70601e-43 , -0.00778971
4.70601e-43 , -0.00777097
4.70601e-43 , -0.00778192
4.70601e-43 , -0.00779361
4.70601e-43 , -0.00777413
2.353e-43 , -0.00780919
2.353e-43 , -0.00774927
2.353e-43 , -0.00778823
2.353e-43 , -0.00777635
2.353e-43 , -0.00778507
1.1765e-43 , -0.00778656
1.1765e-43 , -0.00777969
1.1765e-43 , -0.00779045
1.1765e-43 , -0.00776634
1.1765e-43 , -0.00778656
5.88251e-44 , -0.00778285
5.88251e-44 , -0.00778971
5.88251e-44 , -0.00778099
5.88251e-44 , -0.00777431
5.88251e-44 , -0.00778971
2.94125e-44 , -0.00777023
2.94125e-44 , -0.0077873
2.94125e-44 , -0.00778507
2.94125e-44 , -0.00777413
2.94125e-44 , -0.0077834
1.47063e-44 , -0.00779453
1.47063e-44 , -0.007809
1.47063e-44 , -0.00774538
1.47063e-44 , -0.00778043
1.47063e-44 , -0.00781234
7.35314e-45 , -0.00775391
7.35314e-45 , -0.00779361
7.35314e-45 , -0.00776244
7.35314e-45 , -0.00778897
7.35314e-45 , -0.00780678
3.67657e-45 , -0.0077617
3.67657e-45 , -0.00779583
3.67657e-45 , -0.00776411
3.67657e-45 , -0.00778433
3.67657e-45 , -0.00779194
1.83828e-45 , -0.00777654
1.83828e-45 , -0.00778266
1.83828e-45 , -0.00777097
1.83828e-45 , -0.00778043
1.83828e-45 , -0.0077873
9.19142e-46 , -0.00778192
9.19142e-46 , -0.00777728
9.19142e-46 , -0.00778748
9.19142e-46 , -0.00778025
9.19142e-46 , -0.00778674
4.59571e-46 , -0.00779045
4.59571e-46 , -0.00777339
4.59571e-46 , -0.00776949
4.59571e-46 , -0.00778414
4.59571e-46 , -0.00778507
2.29786e-46 , -0.00778192
2.29786e-46 , -0.00777877
2.29786e-46 , -0.00778359
2.29786e-46 , -0.00778118
2.29786e-46 , -0.00778025
1.14893e-46 , -0.00778581
1.14893e-46 , -0.00777506
1.14893e-46 , -0.00778414
1.14893e-46 , -0.0078014
1.14893e-46 , -0.0077719
5.74464e-47 , -0.00778192
5.74464e-47 , -0.007809
5.74464e-47 , -0.00780529
5.74464e-47 , -0.00777339
5.74464e-47 , -0.00773295
2.87232e-47 , -0.00779991
2.87232e-47 , -0.00776244
2.87232e-47 , -0.00778192
2.87232e-47 , -0.0077834
2.87232e-47 , -0.00778118
1.43616e-47 , -0.00779212
1.43616e-47 , -0.00779361
1.43616e-47 , -0.00775465
1.43616e-47 , -0.00777877
1.43616e-47 , -0.00778433
7.1808e-48 , -0.00779045
7.1808e-48 , -0.00777654
7.1808e-48 , -0.00778099
7.1808e-48 , -0.00778118
7.1808e-48 , -0.00778507
3.5904e-48 , -0.00778192
3.5904e-48 , -0.00778043
3.5904e-48 , -0.00777877
3.5904e-48 , -0.00778433
3.5904e-48 , -0.0077834
1.7952e-48 , -0.00776485
1.7952e-48 , -0.00781698
1.7952e-48 , -0.00788376
1.7952e-48 , -0.00766914
1.7952e-48 , -0.00777487
8.976e-49 , -0.00778192
8.976e-49 , -0.00778043
8.976e-49 , -0.00777802
8.976e-49 , -0.00778971
8.976e-49 , -0.00777561
4.488e-49 , -0.00778118
4.488e-49 , -0.00778433
4.488e-49 , -0.00777728
4.488e-49 , -0.00779435
4.488e-49 , -0.0077873
2.244e-49 , -0.00777802
2.244e-49 , -0.00777339
2.244e-49 , -0.00779435
2.244e-49 , -0.00776949
2.244e-49 , -0.00777802
1.122e-49 , -0.00779064
1.122e-49 , -0.00783794
1.122e-49 , -0.00772423
1.122e-49 , -0.00779064
1.122e-49 , -0.00777097
5.61e-50 , -0.00778971
5.61e-50 , -0.0077873
5.61e-50 , -0.00776726
5.61e-50 , -0.00778099
5.61e-50 , -0.00778118
2.805e-50 , -0.00778656
2.805e-50 , -0.0077821
2.805e-50 , -0.00778414
2.805e-50 , -0.00778043
2.805e-50 , -0.00778025
1.4025e-50 , -0.00778897
1.4025e-50 , -0.0077719
1.4025e-50 , -0.00778656
1.4025e-50 , -0.00777654
1.4025e-50 , -0.00778489
7.0125e-51 , -0.00784814
7.0125e-51 , -0.00771662
7.0125e-51 , -0.00780529
7.0125e-51 , -0.00776077
7.0125e-51 , -0.00777506
3.50625e-51 , -0.00778025
3.50625e-51 , -0.00779676
3.50625e-51 , -0.00777487
3.50625e-51 , -0.00778043
3.50625e-51 , -0.00780529
1.75312e-51 , -0.00777951
1.75312e-51 , -0.00775632
1.75312e-51 , -0.00779045
1.75312e-51 , -0.00778359
1.75312e-51 , -0.00777413
8.76562e-52 , -0.00779268
8.76562e-52 , -0.00776949
8.76562e-52 , -0.00778823
8.76562e-52 , -0.00778118
8.76562e-52 , -0.00778971
4.38281e-52 , -0.00777413
4.38281e-52 , -0.00779583
4.38281e-52 , -0.00776337
4.38281e-52 , -0.00778897
4.38281e-52 , -0.00779268
2.19141e-52 , -0.00777116
2.19141e-52 , -0.00777728
2.19141e-52 , -0.00777951
2.19141e-52 , -0.00778433
2.19141e-52 , -0.00777802
1.0957e-52 , -0.00778192
1.0957e-52 , -0.00778804
1.0957e-52 , -0.00778433
1.0957e-52 , -0.00777339
1.0957e-52 , -0.00778581
5.47851e-53 , -0.00778656
5.47851e-53 , -0.00779286
5.47851e-53 , -0.00776244
5.47851e-53 , -0.00778192
5.47851e-53 , -0.0077873
2.73926e-53 , -0.00778285
2.73926e-53 , -0.00778414
2.73926e-53 , -0.00778581
2.73926e-53 , -0.00780529
2.73926e-53 , -0.00775076
1.36963e-53 , -0.00778359
1.36963e-53 , -0.0077873
1.36963e-53 , -0.00777413
1.36963e-53 , -0.00779453
1.36963e-53 , -0.00777097
6.84814e-54 , -0.00778971
6.84814e-54 , -0.0077834
6.84814e-54 , -0.00777264
6.84814e-54 , -0.00778433
6.84814e-54 , -0.00779657
3.42407e-54 , -0.00776022
3.42407e-54 , -0.00779045
3.42407e-54 , -0.00778118
3.42407e-54 , -0.00777264
3.42407e-54 , -0.00783553
1.71204e-54 , -0.00778823
1.71204e-54 , -0.00773054
1.71204e-54 , -0.00777561
1.71204e-54 , -0.00778674
1.71204e-54 , -0.00777561
8.56018e-55 , -0.0077975
8.56018e-55 , -0.00777023
8.56018e-55 , -0.00779212
8.56018e-55 , -0.00776782
8.56018e-55 , -0.00779435
4.28009e-55 , -0.00778285
4.28009e-55 , -0.00778099
4.28009e-55 , -0.00777116
4.28009e-55 , -0.00779509
4.28009e-55 , -0.00776411
2.14004e-55 , -0.00778266
2.14004e-55 , -0.00778118
2.14004e-55 , -0.00779361
2.14004e-55 , -0.00778192
2.14004e-55 , -0.00777728
1.07002e-55 , -0.00777635
1.07002e-55 , -0.00778118
1.07002e-55 , -0.00775632
1.07002e-55 , -0.00781382
1.07002e-55 , -0.00778414
5.35011e-56 , -0.00778192
5.35011e-56 , -0.00778971
5.35011e-56 , -0.0077758
5.35011e-56 , -0.00778118
5.35011e-56 , -0.00780919
2.67506e-56 , -0.00775688
2.67506e-56 , -0.00778192
2.67506e-56 , -0.0077758
2.67506e-56 , -0.0077873
2.67506e-56 , -0.00778043
1.33753e-56 , -0.00778266
1.33753e-56 , -0.00778192
1.33753e-56 , -0.00779602
1.33753e-56 , -0.0077656
1.33753e-56 , -0.00777635
6.68764e-57 , -0.00778748
6.68764e-57 , -0.00777877
6.68764e-57 , -0.00778581
6.68764e-57 , -0.00778507
6.68764e-57 , -0.00777339
3.34382e-57 , -0.00778507
3.34382e-57 , -0.00782162
3.34382e-57 , -0.00777802
3.34382e-57 , -0.00774686
3.34382e-57 , -0.00778433
1.67191e-57 , -0.00779973
1.67191e-57 , -0.00781624
1.67191e-57 , -0.00773202
1.67191e-57 , -0.00777969
1.67191e-57 , -0.00778192
8.35955e-58 , -0.00780529
8.35955e-58 , -0.00779361
8.35955e-58 , -0.00774612
8.35955e-58 , -0.0077834
8.35955e-58 , -0.00779212
4.17977e-58 , -0.00778118
4.17977e-58 , -0.00779435
4.17977e-58 , -0.00777802
4.17977e-58 , -0.00776782
4.17977e-58 , -0.0077975
2.08989e-58 , -0.00777802
2.08989e-58 , -0.00777264
2.08989e-58 , -0.00777023
2.08989e-58 , -0.00778748
2.08989e-58 , -0.00779045
1.04494e-58 , -0.00778507
1.04494e-58 , -0.0077873
1.04494e-58 , -0.00776318
1.04494e-58 , -0.00778359
1.04494e-58 , -0.00782848
5.22472e-59 , -0.0077502
5.22472e-59 , -0.00778414
5.22472e-59 , -0.00778581
5.22472e-59 , -0.00776096
5.22472e-59 , -0.00778971
2.61236e-59 , -0.00779676
2.61236e-59 , -0.00777339
2.61236e-59 , -0.00777561
2.61236e-59 , -0.00778043
2.61236e-59 , -0.00778025
1.30618e-59 , -0.00779917
1.30618e-59 , -0.00779361
1.30618e-59 , -0.00774834
1.30618e-59 , -0.00778285
1.30618e-59 , -0.00778025
6.5309e-60 , -0.00780381
6.5309e-60 , -0.0077617
6.5309e-60 , -0.00777951
6.5309e-60 , -0.00777654
6.5309e-60 , -0.00779194
3.26545e-60 , -0.00778971
3.26545e-60 , -0.00777654
3.26545e-60 , -0.00777023
3.26545e-60 , -0.00778897
3.26545e-60 , -0.00779509
1.63272e-60 , -0.00776949
1.63272e-60 , -0.00779435
1.63272e-60 , -0.00776726
1.63272e-60 , -0.00778192
1.63272e-60 , -0.00781531
8.16362e-61 , -0.0077758
8.16362e-61 , -0.00776856
8.16362e-61 , -0.0077719
8.16362e-61 , -0.00779119
8.16362e-61 , -0.00779527
4.08181e-61 , -0.00777023
4.08181e-61 , -0.0077656
4.08181e-61 , -0.00777728
4.08181e-61 , -0.00780214
4.08181e-61 , -0.0078014
2.04091e-61 , -0.00777635
2.04091e-61 , -0.00776022
2.04091e-61 , -0.00778266
2.04091e-61 , -0.00777728
2.04091e-61 , -0.00779045
1.02045e-61 , -0.0077719
1.02045e-61 , -0.00779657
1.02045e-61 , -0.0077656
1.02045e-61 , -0.00779991
1.02045e-61 , -0.00777097
5.10226e-62 , -0.00777413
5.10226e-62 , -0.00782236
5.10226e-62 , -0.00775873
5.10226e-62 , -0.00776856
5.10226e-62 , -0.00778971
2.55113e-62 , -0.00776726
2.55113e-62 , -0.00778507
2.55113e-62 , -0.00779194
2.55113e-62 , -0.00780919
2.55113e-62 , -0.00776875
1.27557e-62 , -0.00775001
1.27557e-62 , -0.00778971
1.27557e-62 , -0.00778507
1.27557e-62 , -0.00778266
1.27557e-62 , -0.00777561
6.37783e-63 , -0.00779045
6.37783e-63 , -0.00777654
6.37783e-63 , -0.0077975
6.37783e-63 , -0.00777097
6.37783e-63 , -0.00777413
3.18891e-63 , -0.00778674
3.18891e-63 , -0.00778266
3.18891e-63 , -0.00779194
3.18891e-63 , -0.00779527
3.18891e-63 , -0.00778507
1.59446e-63 , -0.00775001
1.59446e-63 , -0.00780826
1.59446e-63 , -0.00776263
1.59446e-63 , -0.00778266
1.59446e-63 , -0.00778025
7.97229e-64 , -0.00779286
7.97229e-64 , -0.00777023
7.97229e-64 , -0.00778433
7.97229e-64 , -0.0077834
7.97229e-64 , -0.00777802
3.98614e-64 , -0.00777802
3.98614e-64 , -0.00778674
3.98614e-64 , -0.00777728
3.98614e-64 , -0.00778266
3.98614e-64 , -0.00779509
1.99307e-64 , -0.0077758
1.99307e-64 , -0.00777561
1.99307e-64 , -0.00778266
1.99307e-64 , -0.00778748
1.99307e-64 , -0.00777802
9.96536e-65 , -0.00779045
9.96536e-65 , -0.00777264
9.96536e-65 , -0.00777877
9.96536e-65 , -0.0078333
9.96536e-65 , -0.0077515
4.98268e-65 , -0.0077617
4.98268e-65 , -0.00778118
4.98268e-65 , -0.00778359
4.98268e-65 , -0.00778581
4.98268e-65 , -0.00778414
2.49134e-65 , -0.00777264
2.49134e-65 , -0.00778507
2.49134e-65 , -0.00780603
2.49134e-65 , -0.0077656
2.49134e-65 , -0.00777635
1.24567e-65 , -0.00777802
1.24567e-65 , -0.00778581
1.24567e-65 , -0.00779212
1.24567e-65 , -0.00777023
1.24567e-65 , -0.00778266
6.22835e-66 , -0.00777895
6.22835e-66 , -0.00781067
6.22835e-66 , -0.00776244
6.22835e-66 , -0.00777654
6.22835e-66 , -0.00777951
3.11417e-66 , -0.00778118
3.11417e-66 , -0.00783089
3.11417e-66 , -0.00774222
3.11417e-66 , -0.00777506
3.11417e-66 , -0.00778897
1.55709e-66 , -0.00777802
1.55709e-66 , -0.00778192
1.55709e-66 , -0.0077834
1.55709e-66 , -0.00777802
1.55709e-66 , -0.00778043
7.78544e-67 , -0.00780603
7.78544e-67 , -0.0077617
7.78544e-67 , -0.00778266
7.78544e-67 , -0.00778192
7.78544e-67 , -0.00777339
3.89272e-67 , -0.00779119
3.89272e-67 , -0.00779064
3.89272e-67 , -0.00777413
3.89272e-67 , -0.00777635
3.89272e-67 , -0.0078116
1.94636e-67 , -0.00775929
1.94636e-67 , -0.00777728
1.94636e-67 , -0.00777969
1.94636e-67 , -0.00778192
1.94636e-67 , -0.00777877
9.7318e-68 , -0.00778804
9.7318e-68 , -0.00777969
9.7318e-68 , -0.00778043
9.7318e-68 , -0.00780603
9.7318e-68 , -0.00776244
4.8659e-68 , -0.00778804
4.8659e-68 , -0.00777264
4.8659e-68 , -0.00783089
4.8659e-68 , -0.00775391
4.8659e-68 , -0.00778823
0.0155649 , 0.000822124
0.0155649 , 0.000823179
0.0155649 , 0.000799976
0.0155649 , 0.000728963
0.0155649 , 0.000923723
-0.00755699 , -0.0134305
-0.00755699 , -0.0134239
-0.00755699 , -0.0134316
-0.00755699 , -0.0134469
-0.00755699 , -0.0134252
-0.0037785 , -0.0106309
-0.0037785 , -0.0106014
-0.0037785 , -0.010583
-0.0037785 , -0.0106232
-0.0037785 , -0.0106178
-0.00188925 , -0.00920378
-0.00188925 , -0.00918567
-0.00188925 , -0.00919943
-0.00188925 , -0.0091754
-0.00188925 , -0.00919508
-0.000944624 , -0.00851709
-0.000944624 , -1.78548
-0.000944624 , -1.78755
-0.000944624 , -1.78869
-0.000944624 , -1.78882
-0.0922705 , -0.877044
-0.0922705 , -0.876895
-0.0922705 , -0.876283
-0.0922705 , -0.878845
-0.0922705 , -0.87619
-0.863053 , -1.06426
-0.863053 , -1.06462
-0.863053 , -1.06431
-0.863053 , -1.06472
-0.863053 , -0.857436
-0.82912 , -0.752883
-0.82912 , -0.753007
-0.82912 , -0.752944
-0.82912 , -0.752875
-0.82912 , -0.613429
-0.925637 , -0.58217
-0.925637 , -0.581965
-0.925637 , -0.582548
-0.925637 , -0.534518
-0.925637 , -0.534667
-0.732217 , -0.338883
-0.732217 , -0.338254
-0.732217 , -0.338649
-0.732217 , -0.320438
-0.732217 , -0.321475
-0.641201 , -0.199473
-0.641201 , -0.198028
-0.641201 , -0.110049
-0.641201 , -0.106714
-0.641201 , -0.109681
-0.41446 , 0.0791973
-0.41446 , 0.0802786
-0.41446 , 0.0354246
-0.41446 , 0.0386626
-0.41446 , 0.0371243
-0.280496 , 0.152128
-0.280496 , 0.107861
-0.280496 , 0.106696
-0.280496 , 0.106234
-0.280496 , 0.10825
-0.0930939 , 0.23895
-0.0930939 , 0.300981
-0.0930939 , 0.300709
-0.0930939 , 0.301375
-0.0930939 , 0.302013
0.0287335 , 0.340271
0.0287335 , 0.340211
0.0287335 , 0.340367
0.0287335 , 0.341051
0.0287335 , 0.37366
0.174933 , 0.453177
0.174933 , 0.452793
0.174933 , 0.453177
0.174933 , 0.453118
0.174933 , 0.565206
0.296342 , 0.612666
0.296342 , 0.612914
0.296342 , 0.6145
0.296342 , 0.808852
0.296342 , 0.811667
0.400383 , 0.835871
0.400383 , 0.83647
0.400383 , 0.83552
0.400383 , 0.942376
0.400383 , 0.94271
0.597777 , 1.01134
0.597777 , 1.01216
0.597777 , 1.29805
0.597777 , 1.29875
0.597777 , 1.29902
0.765623 , 1.3363
0.765623 , 1.33788
0.765623 , 1.31594
0.765623 , 1.31318
0.765623 , 1.31659
1.02745 , 1.38333
1.02745 , 1.51032
1.02745 , 1.51065
1.02745 , 1.51022
1.02745 , 1.51275
1.2209 , 1.71026
1.2209 , 1.71171
1.2209 , 1.70998
1.2209 , 1.70973
1.2209 , 1.71229
1.40594 , 1.75962
1.40594 , 1.75969
1.40594 , 1.76005
1.40594 , 1.76062
1.40594 , 1.75303
1.56213 , 1.69989
1.56213 , 1.6994
1.56213 , 1.69981
1.56213 , 1.69959
1.56213 , 1.48606
1.67775 , 1.39624
1.67775 , 1.39618
1.67775 , 1.39466
1.67775 , -0.831254
1.67775 , -0.834714
1.58807 , -1.05394
1.58807 , -1.06127
1.58807 , -0.153155
1.58807 , -0.163567
1.58807 , -0.154358
0.628734 , -0.838338
0.628734 , -0.844903
0.628734 , -0.480436
0.628734 , -0.485116
0.628734 , -0.479325
0.0697664 , -0.851988
0.0697664 , -0.852251
0.0697664 , -0.709593
0.0697664 , -0.707258
0.0697664 , -0.708963
-0.255277 , -0.896732
-0.255277 , -0.839349
-0.255277 , -0.839474
-0.255277 , -0.841868
-0.255277 , -0.836899
-0.532082 , -0.965807
-0.532082 , -0.940393
-0.532082 , -0.941573
-0.532082 , -0.9413
-0.532082 , -0.942315
-0.725821 , -0.985741
-0.725821 , -0.985816
-0.725821 , -0.985636
-0.725821 , -0.985791
-0.725821 , -0.987173
-0.789042 , -0.94708
-0.789042 , -0.947472
-0.789042 , -0.946891
-0.789042 , -0.947902
-0.789042 , -0.945374
-0.789042 , -0.946005
-0.896679 , -0.916869
-0.896679 , -0.916841
-0.896679 , -0.916783
-0.896679 , -0.91624
-0.909193 , -0.840097
-0.909193 , -0.840542
-0.909193 , -0.840584
-0.909193 , -0.84017
-0.909193 , -0.84004
-0.903417 , -0.747894
-0.903417 , -0.747633
-0.903417 , -0.747054
-0.903417 , 1.17018
-0.903417 , 1.17489
-0.849383 , 1.28769
-0.849383 , 1.28561
-0.849383 , 0.0292034
-0.849383 , 0.03087
-0.849383 , 0.0263075
-0.109396 , 0.521549
-0.109396 , 0.521788
-0.109396 , -0.0307132
-0.109396 , -0.030798
-0.109396 , -0.0307452
0.110176 , 0.0999977
0.110176 , -0.498697
0.110176 , -0.496711
0.110176 , -0.49887
0.110176 , -0.501114
0.0550879 , -0.678925
0.0550879 , -0.680038
0.0550879 , -0.679951
0.0550879 , -0.680473
0.0550879 , -0.682716
-0.257114 , -0.83476
-0.257114 , -0.836647
-0.257114 , -0.836292
-0.257114 , -0.839396
-0.257114 , -0.839718
-0.449621 , -0.923723
-0.449621 , -0.92204
-0.449621 , -0.922742
-0.449621 , -0.922374
-0.449621 , -0.911656
-0.697413 , -1.00069
-0.697413 , -0.999019
-0.697413 , -1.00121
-0.697413 , -0.99953
-0.697413 , -1.08218
-0.80264 , -1.07351
-0.80264 , -1.07296
-0.80264 , -1.07348
-0.80264 , -1.09501
-0.80264 , -1.09709
-0.940835 , -1.09291
-0.940835 , -1.09313
-0.940835 , -1.09251
-0.940835 , -1.15667
-0.940835 , -1.15696
-0.990029 , -1.08966
-0.990029 , -1.08951
-0.990029 , -0.928478
-0.990029 , -0.928688
-0.990029 , -0.928674
-1.07545 , -0.879987
-1.07545 , -0.87963
-1.07545 , -0.761928
-1.07545 , -0.7613
-1.07545 , -0.760159
-0.968695 , -0.596813
-0.968695 , -0.266527
-0.968695 , -0.267929
-0.968695 , -0.269064
-0.968695 , -0.26828
-0.846403 , -0.106377
-0.846403 , -0.0625651
-0.846403 , -0.0601518
-0.846403 , -0.060844
-0.846403 , -0.0617045
-0.48424 , 0.2382
-0.48424 , 0.240578
-0.48424 , 0.238855
-0.48424 , 0.237908
-0.48424 , 0.239785
-0.25688 , 0.41163
-0.25688 , 0.412698
-0.25688 , 0.413368
-0.25688 , 0.414053
-0.25688 , 0.516886
0.0436015 , 0.710807
0.0436015 , 0.710934
0.0436015 , 0.711474
0.0436015 , 0.955104
0.0436015 , 0.954649
0.268227 , 1.07301
0.268227 , 1.07399
0.268227 , 1.07445
0.268227 , 1.2572
0.268227 , 1.25388
0.624177 , 1.41857
0.624177 , 1.42023
0.624177 , 1.57427
0.624177 , 1.57373
0.624177 , 1.57409
0.946696 , 1.70195
0.946696 , 1.70197
0.946696 , 1.76234
0.946696 , 1.76602
0.946696 , 1.76519
1.25847 , 1.84026
1.25847 , 2.14009
1.25847 , 2.13774
1.25847 , 2.13818
1.25847 , 2.14045
1.58893 , 2.19202
1.58893 , 2.13646
1.58893 , 2.13771
1.58893 , 2.13835
1.58893 , 2.13717
1.86701 , 2.13284
1.86701 , 2.29589
1.86701 , 2.29842
1.86701 , 2.29589
1.86701 , 2.29838
2.01245 , 1.96232
2.01245 , 1.96222
2.01245 , 1.96228
2.01245 , 1.96235
2.01245 , 1.96236
2.10631 , 0.548539
2.10631 , 0.554593
2.10631 , 0.553486
2.10631 , 0.548096
2.10631 , 2.02961
1.78411 , 1.63627
1.78411 , 1.63627
1.78411 , 1.63651
1.78411 , 1.081
1.78411 , 1.08169
1.47853 , 0.736983
1.47853 , 0.737284
1.47853 , 0.735883
1.47853 , 0.525569
1.47853 , 0.520503
1.34776 , 0
1.34776 , 0
1.34776 , 0
1.34776 , 0
1.34776 , 0
0.826875 , 0
0.826875 , 0
0.826875 , 0
0.826875 , 0
0.826875 , 0
0.428832 , 0
0.428832 , 0
0.428832 , 0
0.428832 , 0
0.428832 , 0
0.214416 , 0
0.214416 , 0
0.214416 , 0
0.214416 , 0
0.214416 , 0
0.122556 , 0
0.122556 , 0
0.122556 , 0
0.122556 , 0
0.122556 , 0
0.0305342 , 0
0.0305342 , 0
0.0305342 , 0
0.0305342 , 0
0.0305342 , 0
0.0305745 , 0
0.0305745 , 0
0.0305745 , 0
0.0305745 , 0
0.0305745 , 0
0.0152872 , 0
0.0152872 , 0
0.0152872 , 0
0.0152872 , 0
0.0152872 , 0
0.00764362 , 0
0.00764362 , 0
0.00764362 , 0
0.00764362 , 0
0.00764362 , 0
-0.0111693 , 0
-0.0111693 , 0
-0.0111693 , 0
-0.0111693 , 0
-0.0111693 , 0
0.00975026 , 0
0.00975026 , 0
0.00975026 , 0
0.00975026 , 0
0.00975026 , 0
0.00487513 , 0
0.00487513 , 0
0.00487513 , 0
0.00487513 , 0
0.00487513 , 0
0.00243757 , 0
0.00243757 , 0
0.00243757 , 0
0.00243757 , 0
0.00243757 , 0
-0.0141626 , 0
-0.0141626 , 0
-0.0141626 , 0
-0.0141626 , 0
-0.0141626 , 0
0.00795097 , 0
0.00795097 , 0
0.00795097 , 0
0.00795097 , 0
0.00795097 , 0
0.00397549 , 0
0.00397549 , 0
0.00397549 , 0
0.00397549 , 0
0.00397549 , 0
-0.0134652 , 0
-0.0134652 , 0
-0.0134652 , 0
-0.0134652 , 0
-0.0134652 , 0
0.00893971 , 0
0.00893971 , 0
0.00893971 , 0
0.00893971 , 0
0.00893971 , 0
-0.0109121 , 0
-0.0109121 , 0
-0.0109121 , 0
-0.0109121 , 0
-0.0109121 , 0
-0.00545607 , 0
-0.00545607 , 0
-0.00545607 , 0
-0.00545607 , 0
-0.00545607 , 0
-0.00272804 , 0
-0.00272804 , 0
-0.00272804 , 0
-0.00272804 , 0
-0.00272804 , 0
-0.00136402 , 0
-0.00136402 , 0
-0.00136402 , 0
-0.00136402 , 0
-0.00136402 , 0
0.0139796 , 0
0.0139796 , 0
0.0139796 , 0
0.0139796 , 0
0.0139796 , 0
0.0139796 , 0
-0.00679532 , 0
-0.00679532 , 0
-0.00679532 , 0
-0.00679532 , 0
0.0142736 , 0
0.0142736 , 0
0.0142736 , 0
0.0142736 , 0
0.0142736 , 0
-0.00827982 , 0
-0.00827982 , 0
-0.00827982 , 0
-0.00827982 , 0
-0.00827982 , 0
-0.00413991 , 0
-0.00413991 , 0
-0.00413991 , 0
-0.00413991 , 0
-0.00413991 , 0
-0.00206995 , 0
-0.00206995 , 0
-0.00206995 , 0
-0.00206995 , 0
-0.00206995 , 0
-0.00103498 , 0
-0.00103498 , 0
-0.00103498 , 0
-0.00103498 , 0
-0.00103498 , 0
-0.000517489 , 0
-0.000517489 , 0
-0.000517489 , 0
-0.000517489 , 0
-0.000517489 , 0
0.0151063 , 0
0.0151063 , 0
0.0151063 , 0
0.0151063 , 0
0.0151063 , 0
0.00755314 , 0
0.00755314 , 0
0.00755314 , 0
0.00755314 , 0
0.00755314 , 0
0.00377657 , 0
0.00377657 , 0
0.00377657 , 0
0.00377657 , 0
0.00377657 , 0
0.00188829 , 0
0.00188829 , 0
0.00188829 , 0
0.00188829 , 0
0.00188829 , 0
-0.0144323 , 0
-0.0144323 , 0
-0.0144323 , 0
-0.0144323 , 0
-0.0144323 , 0
-0.00721613 , 0
-0.00721613 , 0
-0.00721613 , 0
-0.00721613 , 0
-0.00721613 , 0
0.0116724 , 0
0.0116724 , 0
0.0116724 , 0
0.0116724 , 0
0.0116724 , 0
-0.00950697 , 0
-0.00950697 , 0
-0.00950697 , 0
-0.00950697 , 0
-0.00950697 , 0
0.0101956 , 0
0.0101956 , 0
0.0101956 , 0
0.0101956 , 0
0.0101956 , 0
0.00509778 , 0
0.00509778 , 0
0.00509778 , 0
0.00509778 , 0
0.00509778 , 0
0.00254889 , 0
0.00254889 , 0
0.00254889 , 0
0.00254889 , 0
0.00254889 , 0
0.00127445 , 0
0.00127445 , 0
0.00127445 , 0
0.00127445 , 0
0.00127445 , 0
0.000637223 , 0
0.000637223 , 0
0.000637223 , 0
0.000637223 , 0
0.000637223 , 0
0.000318612 , 0
0.000318612 , 0
0.000318612 , 0
0.000318612 , 0
0.000318612 , 0
0.000159306 , 0
0.000159306 , 0
0.000159306 , 0
0.000159306 , 0
0.000159306 , 0
-0.0152822 , 0
-0.0152822 , 0
-0.0152822 , 0
-0.0152822 , 0
-0.0152822 , 0
-0.00764111 , 0
-0.00764111 , 0
-0.00764111 , 0
-0.00764111 , 0
-0.00764111 , 0
-0.00382055 , 0
-0.00382055 , 0
-0.00382055 , 0
-0.00382055 , 0
-0.00382055 , 0
-0.00191028 , 0
-0.00191028 , 0
-0.00191028 , 0
-0.00191028 , 0
-0.00191028 , 0
0.0151635 , 0
0.0151635 , 0
0.0151635 , 0
0.0151635 , 0
0.0151635 , 0
-0.00734171 , 0
-0.00734171 , 0
-0.00734171 , 0
-0.00734171 , 0
-0.00734171 , 0
0.0111062 , 0
0.0111062 , 0
0.0111062 , 0
0.0111062 , 0
0.0111062 , 0
0.00555309 , 0
0.00555309 , 0
0.00555309 , 0
0.00555309 , 0
0.00555309 , 0
-0.0122152 , 0
-0.0122152 , 0
-0.0122152 , 0
-0.0122152 , 0
-0.0122152 , 0
-0.0061076 , 0
-0.0061076 , 0
-0.0061076 , 0
-0.0061076 , 0
-0.0061076 , 0
0.0127315 , 0
0.0127315 , 0
0.0127315 , 0
0.0127315 , 0
0.0127315 , 0
0.00636573 , 0
0.00636573 , 0
0.00636573 , 0
0.00636573 , 0
0.00636573 , 0
-0.0120143 , 0
-0.0120143 , 0
-0.0120143 , 0
-0.0120143 , 0
-0.0120143 , 0
0.00941036 , 0
0.00941036 , 0
0.00941036 , 0
0.00941036 , 0
0.00941036 , 0
-0.0106524 , 0
-0.0106524 , 0
-0.0106524 , 0
-0.0106524 , 0
-0.0106524 , 0
0.0101691 , 0
0.0101691 , 0
0.0101691 , 0
0.0101691 , 0
0.0101691 , 0
0.00508457 , 0
0.00508457 , 0
0.00508457 , 0
0.00508457 , 0
0.00508457 , 0
0.00254228 , 0
0.00254228 , 0
0.00254228 , 0
0.00254228 , 0
0.00254228 , 0
-0.0140173 , 0
-0.0140173 , 0
-0.0140173 , 0
-0.0140173 , 0
-0.0140173 , 0
0.00837946 , 0
0.00837946 , 0
0.00837946 , 0
0.00837946 , 0
0.00837946 , 0
0.00418973 , 0
0.00418973 , 0
0.00418973 , 0
0.00418973 , 0
0.00418973 , 0
0.00209487 , 0
0.00209487 , 0
0.00209487 , 0
0.00209487 , 0
0.00209487 , 0
-0.0143203 , 0
-0.0143203 , 0
-0.0143203 , 0
-0.0143203 , 0
-0.0143203 , 0
0.00788179 , 0
0.00788179 , 0
0.00788179 , 0
0.00788179 , 0
0.00788179 , 0
-0.0117149 , 0
-0.0117149 , 0
-0.0117149 , 0
-0.0117149 , 0
-0.0117149 , 0
-0.00585743 , 0
-0.00585743 , 0
-0.00585743 , 0
-0.00585743 , 0
-0.00585743 , 0
0.0117236 , 0
0.0117236 , 0
0.0117236 , 0
0.0117236 , 0
0.0117236 , 0
-0.0102548 , 0
-0.0102548 , 0
-0.0102548 , 0
-0.0102548 , 0
-0.0102548 , 0
0.0101306 , 0
0.0101306 , 0
0.0101306 , 0
0.0101306 , 0
0.0101306 , 0
-0.00966976 , 0
-0.00966976 , 0
-0.00966976 , 0
-0.00966976 , 0
-0.00966976 , 0
-0.00483488 , 0
-0.00483488 , 0
-0.00483488 , 0
-0.00483488 , 0
-0.00483488 , 0
-0.00241744 , 0
-0.00241744 , 0
-0.00241744 , 0
-0.00241744 , 0
-0.00241744 , 0
-0.00120872 , 0
-0.00120872 , 0
-0.00120872 , 0
-0.00120872 , 0
-0.00120872 , 0
-0.00060436 , 0
-0.00060436 , 0
-0.00060436 , 0
-0.00060436 , 0
-0.00060436 , 0
0.0150844 , 0
0.0150844 , 0
0.0150844 , 0
0.0150844 , 0
0.0150844 , 0
-0.00824308 , 0
-0.00824308 , 0
-0.00824308 , 0
-0.00824308 , 0
-0.00824308 , 0
-0.00412154 , 0
-0.00412154 , 0
-0.00412154 , 0
-0.00412154 , 0
-0.00412154 , 0
-0.00206077 , 0
-0.00206077 , 0
-0.00206077 , 0
-0.00206077 , 0
-0.00206077 , 0
0.0140225 , 0
0.0140225 , 0
0.0140225 , 0
0.0140225 , 0
0.0140225 , 0
0.00701127 , 0
0.00701127 , 0
0.00701127 , 0
0.00701127 , 0
0.00701127 , 0
-0.0118434 , 0
-0.0118434 , 0
-0.0118434 , 0
-0.0118434 , 0
-0.0118434 , 0
0.00947723 , 0
0.00947723 , 0
0.00947723 , 0
0.00947723 , 0
0.00947723 , 0
-0.0105574 , 0
-0.0105574 , 0
-0.0105574 , 0
-0.0105574 , 0
-0.0105574 , 0
-0.00527872 , 0
-0.00527872 , 0
-0.00527872 , 0
-0.00527872 , 0
-0.00527872 , 0
-0.00263936 , 0
-0.00263936 , 0
-0.00263936 , 0
-0.00263936 , 0
-0.00263936 , 0
0.0140009 , 0
0.0140009 , 0
0.0140009 , 0
0.0140009 , 0
0.0140009 , 0
0.00700043 , 0
0.00700043 , 0
0.00700043 , 0
0.00700043 , 0
0.00700043 , 0
0.00350021 , 0
0.00350021 , 0
0.00350021 , 0
0.00350021 , 0
0.00350021 , 0
-0.0129106 , 0
-0.0129106 , 0
-0.0129106 , 0
-0.0129106 , 0
-0.0129106 , 0
-0.00645528 , 0
-0.00645528 , 0
-0.00645528 , 0
-0.00645528 , 0
-0.00645528 , 0
0.0122994 , 0
0.0122994 , 0
0.0122994 , 0
0.0122994 , 0
0.0122994 , 0
0.00614971 , 0
0.00614971 , 0
0.00614971 , 0
0.00614971 , 0
0.00614971 , 0
0.00307486 , 0
0.00307486 , 0
0.00307486 , 0
0.00307486 , 0
0.00307486 , 0
0.00153743 , 0
0.00153743 , 0
0.00153743 , 0
0.00153743 , 0
0.00153743 , 0
-0.0141757 , 0
-0.0141757 , 0
-0.0141757 , 0
-0.0141757 , 0
-0.0141757 , 0
-0.00708784 , 0
-0.00708784 , 0
-0.00708784 , 0
-0.00708784 , 0
-0.00708784 , 0
-0.00354392 , 0
-0.00354392 , 0
-0.00354392 , 0
-0.00354392 , 0
-0.00354392 , 0
0.013998 , 0
0.013998 , 0
0.013998 , 0
0.013998 , 0
0.013998 , 0
-0.00833805 , 0
-0.00833805 , 0
-0.00833805 , 0
-0.00833805 , 0
-0.00833805 , 0
0.0107803 , 0
0.0107803 , 0
0.0107803 , 0
0.0107803 , 0
0.0107803 , 0
-0.0100005 , 0
-0.0100005 , 0
-0.0100005 , 0
-0.0100005 , 0
-0.0100005 , 0
-0.00500023 , 0
-0.00500023 , 0
-0.00500023 , 0
-0.00500023 , 0
-0.00500023 , 0
0.0129249 , 0
0.0129249 , 0
0.0129249 , 0
0.0129249 , 0
0.0129249 , 0
0.00646244 , 0
0.00646244 , 0
0.00646244 , 0
0.00646244 , 0
0.00646244 , 0
-0.0121748 , 0
-0.0121748 , 0
-0.0121748 , 0
-0.0121748 , 0
-0.0121748 , 0
-0.0121748 , 0
-0.0121748 , 0
-0.0121748 , 0
-0.0121748 , 0
-0.0121748 , 0
-0.0121748 , 0
-0.0121748 , 0
-0.0121748 , 0
-0.0121748 , 0
-0.0121748 , 0
-0.0121748 , 0
-0.0121748 , 0
-0.0121748 , 0
-0.0121748 , 0
-0.0121748 , 0
-0.0121748 , 0
